{"C:\\Users\\Anilt\\OneDrive\\Desktop\\Projects\\ecommerce-nodejs\\index.js": {"path":"C:\\Users\\Anilt\\OneDrive\\Desktop\\Projects\\ecommerce-nodejs\\index.js","statementMap":{"0":{"start":{"line":1,"column":0},"end":{"line":1,"column":27}},"1":{"start":{"line":2,"column":16},"end":{"line":2,"column":34}},"2":{"start":{"line":3,"column":18},"end":{"line":3,"column":40}},"3":{"start":{"line":4,"column":15},"end":{"line":4,"column":34}},"4":{"start":{"line":6,"column":12},"end":{"line":6,"column":21}},"5":{"start":{"line":8,"column":0},"end":{"line":8,"column":24}},"6":{"start":{"line":9,"column":0},"end":{"line":9,"column":27}},"7":{"start":{"line":11,"column":0},"end":{"line":11,"column":21}},"8":{"start":{"line":12,"column":0},"end":{"line":12,"column":12}},"9":{"start":{"line":14,"column":0},"end":{"line":14,"column":21}}},"fnMap":{},"branchMap":{},"s":{"0":1,"1":1,"2":1,"3":1,"4":1,"5":1,"6":1,"7":1,"8":1,"9":1},"f":{},"b":{},"_coverageSchema":"1a1c01bbd47fc00a2c39e90264f33305004495a9","hash":"93fade37003b42b0a458e163b554c7574336c0ae"}
,"C:\\Users\\Anilt\\OneDrive\\Desktop\\Projects\\ecommerce-nodejs\\config\\db.js": {"path":"C:\\Users\\Anilt\\OneDrive\\Desktop\\Projects\\ecommerce-nodejs\\config\\db.js","statementMap":{"0":{"start":{"line":1,"column":17},"end":{"line":1,"column":36}},"1":{"start":{"line":2,"column":0},"end":{"line":2,"column":27}},"2":{"start":{"line":4,"column":18},"end":{"line":16,"column":1}},"3":{"start":{"line":5,"column":2},"end":{"line":8,"column":3}},"4":{"start":{"line":6,"column":4},"end":{"line":6,"column":74}},"5":{"start":{"line":7,"column":4},"end":{"line":7,"column":11}},"6":{"start":{"line":10,"column":2},"end":{"line":15,"column":3}},"7":{"start":{"line":11,"column":4},"end":{"line":11,"column":50}},"8":{"start":{"line":12,"column":4},"end":{"line":12,"column":40}},"9":{"start":{"line":14,"column":4},"end":{"line":14,"column":62}},"10":{"start":{"line":18,"column":0},"end":{"line":18,"column":27}}},"fnMap":{"0":{"name":"(anonymous_0)","decl":{"start":{"line":4,"column":18},"end":{"line":4,"column":19}},"loc":{"start":{"line":4,"column":30},"end":{"line":16,"column":1}},"line":4}},"branchMap":{"0":{"loc":{"start":{"line":5,"column":2},"end":{"line":8,"column":3}},"type":"if","locations":[{"start":{"line":5,"column":2},"end":{"line":8,"column":3}},{"start":{},"end":{}}],"line":5}},"s":{"0":1,"1":1,"2":1,"3":1,"4":1,"5":1,"6":0,"7":0,"8":0,"9":0,"10":1},"f":{"0":1},"b":{"0":[1,0]},"_coverageSchema":"1a1c01bbd47fc00a2c39e90264f33305004495a9","hash":"0a641c1c8b9018e0a5135efba566c54f6ef536ba"}
,"C:\\Users\\Anilt\\OneDrive\\Desktop\\Projects\\ecommerce-nodejs\\controllers\\authController.js": {"path":"C:\\Users\\Anilt\\OneDrive\\Desktop\\Projects\\ecommerce-nodejs\\controllers\\authController.js","statementMap":{"0":{"start":{"line":1,"column":13},"end":{"line":1,"column":38}},"1":{"start":{"line":2,"column":12},"end":{"line":2,"column":35}},"2":{"start":{"line":3,"column":15},"end":{"line":3,"column":32}},"3":{"start":{"line":5,"column":19},"end":{"line":5,"column":41}},"4":{"start":{"line":7,"column":17},"end":{"line":62,"column":1}},"5":{"start":{"line":8,"column":2},"end":{"line":61,"column":3}},"6":{"start":{"line":10,"column":6},"end":{"line":10,"column":14}},"7":{"start":{"line":12,"column":4},"end":{"line":17,"column":5}},"8":{"start":{"line":13,"column":6},"end":{"line":16,"column":9}},"9":{"start":{"line":19,"column":4},"end":{"line":24,"column":5}},"10":{"start":{"line":20,"column":6},"end":{"line":23,"column":9}},"11":{"start":{"line":26,"column":25},"end":{"line":26,"column":54}},"12":{"start":{"line":27,"column":4},"end":{"line":32,"column":5}},"13":{"start":{"line":28,"column":6},"end":{"line":31,"column":9}},"14":{"start":{"line":34,"column":20},"end":{"line":42,"column":6}},"15":{"start":{"line":44,"column":4},"end":{"line":44,"column":25}},"16":{"start":{"line":46,"column":18},"end":{"line":48,"column":6}},"17":{"start":{"line":50,"column":4},"end":{"line":54,"column":7}},"18":{"start":{"line":56,"column":4},"end":{"line":60,"column":7}},"19":{"start":{"line":64,"column":18},"end":{"line":115,"column":1}},"20":{"start":{"line":65,"column":2},"end":{"line":114,"column":3}},"21":{"start":{"line":66,"column":32},"end":{"line":66,"column":40}},"22":{"start":{"line":68,"column":4},"end":{"line":73,"column":5}},"23":{"start":{"line":69,"column":6},"end":{"line":72,"column":9}},"24":{"start":{"line":75,"column":17},"end":{"line":75,"column":46}},"25":{"start":{"line":76,"column":4},"end":{"line":81,"column":5}},"26":{"start":{"line":77,"column":6},"end":{"line":80,"column":9}},"27":{"start":{"line":83,"column":28},"end":{"line":83,"column":73}},"28":{"start":{"line":84,"column":4},"end":{"line":89,"column":5}},"29":{"start":{"line":85,"column":6},"end":{"line":88,"column":9}},"30":{"start":{"line":91,"column":18},"end":{"line":95,"column":5}},"31":{"start":{"line":97,"column":4},"end":{"line":107,"column":7}},"32":{"start":{"line":109,"column":4},"end":{"line":113,"column":7}},"33":{"start":{"line":117,"column":17},"end":{"line":128,"column":1}},"34":{"start":{"line":118,"column":2},"end":{"line":127,"column":3}},"35":{"start":{"line":119,"column":17},"end":{"line":119,"column":73}},"36":{"start":{"line":120,"column":4},"end":{"line":120,"column":19}},"37":{"start":{"line":122,"column":4},"end":{"line":126,"column":7}},"38":{"start":{"line":130,"column":19},"end":{"line":159,"column":1}},"39":{"start":{"line":131,"column":2},"end":{"line":158,"column":3}},"40":{"start":{"line":132,"column":53},"end":{"line":132,"column":61}},"41":{"start":{"line":133,"column":19},"end":{"line":133,"column":34}},"42":{"start":{"line":135,"column":24},"end":{"line":139,"column":25}},"43":{"start":{"line":141,"column":4},"end":{"line":146,"column":5}},"44":{"start":{"line":142,"column":6},"end":{"line":145,"column":9}},"45":{"start":{"line":147,"column":4},"end":{"line":151,"column":7}},"46":{"start":{"line":153,"column":4},"end":{"line":157,"column":7}},"47":{"start":{"line":161,"column":23},"end":{"line":196,"column":1}},"48":{"start":{"line":162,"column":2},"end":{"line":195,"column":3}},"49":{"start":{"line":163,"column":41},"end":{"line":163,"column":49}},"50":{"start":{"line":164,"column":19},"end":{"line":164,"column":34}},"51":{"start":{"line":166,"column":17},"end":{"line":166,"column":44}},"52":{"start":{"line":167,"column":4},"end":{"line":172,"column":5}},"53":{"start":{"line":168,"column":6},"end":{"line":171,"column":9}},"54":{"start":{"line":174,"column":28},"end":{"line":174,"column":76}},"55":{"start":{"line":175,"column":4},"end":{"line":180,"column":5}},"56":{"start":{"line":176,"column":6},"end":{"line":179,"column":9}},"57":{"start":{"line":182,"column":4},"end":{"line":182,"column":32}},"58":{"start":{"line":183,"column":4},"end":{"line":183,"column":22}},"59":{"start":{"line":185,"column":4},"end":{"line":188,"column":7}},"60":{"start":{"line":190,"column":4},"end":{"line":194,"column":7}},"61":{"start":{"line":198,"column":19},"end":{"line":209,"column":1}},"62":{"start":{"line":199,"column":2},"end":{"line":208,"column":3}},"63":{"start":{"line":200,"column":20},"end":{"line":200,"column":79}},"64":{"start":{"line":201,"column":4},"end":{"line":201,"column":22}},"65":{"start":{"line":203,"column":4},"end":{"line":207,"column":7}},"66":{"start":{"line":211,"column":0},"end":{"line":218,"column":2}}},"fnMap":{"0":{"name":"(anonymous_0)","decl":{"start":{"line":7,"column":17},"end":{"line":7,"column":18}},"loc":{"start":{"line":7,"column":37},"end":{"line":62,"column":1}},"line":7},"1":{"name":"(anonymous_1)","decl":{"start":{"line":64,"column":18},"end":{"line":64,"column":19}},"loc":{"start":{"line":64,"column":38},"end":{"line":115,"column":1}},"line":64},"2":{"name":"(anonymous_2)","decl":{"start":{"line":117,"column":17},"end":{"line":117,"column":18}},"loc":{"start":{"line":117,"column":37},"end":{"line":128,"column":1}},"line":117},"3":{"name":"(anonymous_3)","decl":{"start":{"line":130,"column":19},"end":{"line":130,"column":20}},"loc":{"start":{"line":130,"column":39},"end":{"line":159,"column":1}},"line":130},"4":{"name":"(anonymous_4)","decl":{"start":{"line":161,"column":23},"end":{"line":161,"column":24}},"loc":{"start":{"line":161,"column":43},"end":{"line":196,"column":1}},"line":161},"5":{"name":"(anonymous_5)","decl":{"start":{"line":198,"column":19},"end":{"line":198,"column":20}},"loc":{"start":{"line":198,"column":39},"end":{"line":209,"column":1}},"line":198}},"branchMap":{"0":{"loc":{"start":{"line":12,"column":4},"end":{"line":17,"column":5}},"type":"if","locations":[{"start":{"line":12,"column":4},"end":{"line":17,"column":5}},{"start":{},"end":{}}],"line":12},"1":{"loc":{"start":{"line":12,"column":8},"end":{"line":12,"column":59}},"type":"binary-expr","locations":[{"start":{"line":12,"column":8},"end":{"line":12,"column":13}},{"start":{"line":12,"column":17},"end":{"line":12,"column":23}},{"start":{"line":12,"column":27},"end":{"line":12,"column":36}},{"start":{"line":12,"column":40},"end":{"line":12,"column":49}},{"start":{"line":12,"column":53},"end":{"line":12,"column":59}}],"line":12},"2":{"loc":{"start":{"line":19,"column":4},"end":{"line":24,"column":5}},"type":"if","locations":[{"start":{"line":19,"column":4},"end":{"line":24,"column":5}},{"start":{},"end":{}}],"line":19},"3":{"loc":{"start":{"line":19,"column":8},"end":{"line":19,"column":70}},"type":"binary-expr","locations":[{"start":{"line":19,"column":8},"end":{"line":19,"column":31}},{"start":{"line":19,"column":36},"end":{"line":19,"column":44}},{"start":{"line":19,"column":48},"end":{"line":19,"column":69}}],"line":19},"4":{"loc":{"start":{"line":27,"column":4},"end":{"line":32,"column":5}},"type":"if","locations":[{"start":{"line":27,"column":4},"end":{"line":32,"column":5}},{"start":{},"end":{}}],"line":27},"5":{"loc":{"start":{"line":39,"column":15},"end":{"line":39,"column":60}},"type":"cond-expr","locations":[{"start":{"line":39,"column":41},"end":{"line":39,"column":48}},{"start":{"line":39,"column":51},"end":{"line":39,"column":60}}],"line":39},"6":{"loc":{"start":{"line":41,"column":15},"end":{"line":41,"column":60}},"type":"cond-expr","locations":[{"start":{"line":41,"column":41},"end":{"line":41,"column":48}},{"start":{"line":41,"column":51},"end":{"line":41,"column":60}}],"line":41},"7":{"loc":{"start":{"line":68,"column":4},"end":{"line":73,"column":5}},"type":"if","locations":[{"start":{"line":68,"column":4},"end":{"line":73,"column":5}},{"start":{},"end":{}}],"line":68},"8":{"loc":{"start":{"line":68,"column":8},"end":{"line":68,"column":27}},"type":"binary-expr","locations":[{"start":{"line":68,"column":8},"end":{"line":68,"column":14}},{"start":{"line":68,"column":18},"end":{"line":68,"column":27}}],"line":68},"9":{"loc":{"start":{"line":76,"column":4},"end":{"line":81,"column":5}},"type":"if","locations":[{"start":{"line":76,"column":4},"end":{"line":81,"column":5}},{"start":{},"end":{}}],"line":76},"10":{"loc":{"start":{"line":84,"column":4},"end":{"line":89,"column":5}},"type":"if","locations":[{"start":{"line":84,"column":4},"end":{"line":89,"column":5}},{"start":{},"end":{}}],"line":84},"11":{"loc":{"start":{"line":141,"column":4},"end":{"line":146,"column":5}},"type":"if","locations":[{"start":{"line":141,"column":4},"end":{"line":146,"column":5}},{"start":{},"end":{}}],"line":141},"12":{"loc":{"start":{"line":167,"column":4},"end":{"line":172,"column":5}},"type":"if","locations":[{"start":{"line":167,"column":4},"end":{"line":172,"column":5}},{"start":{},"end":{}}],"line":167},"13":{"loc":{"start":{"line":175,"column":4},"end":{"line":180,"column":5}},"type":"if","locations":[{"start":{"line":175,"column":4},"end":{"line":180,"column":5}},{"start":{},"end":{}}],"line":175}},"s":{"0":1,"1":1,"2":1,"3":1,"4":1,"5":0,"6":0,"7":0,"8":0,"9":0,"10":0,"11":0,"12":0,"13":0,"14":0,"15":0,"16":0,"17":0,"18":0,"19":1,"20":0,"21":0,"22":0,"23":0,"24":0,"25":0,"26":0,"27":0,"28":0,"29":0,"30":0,"31":0,"32":0,"33":1,"34":0,"35":0,"36":0,"37":0,"38":1,"39":0,"40":0,"41":0,"42":0,"43":0,"44":0,"45":0,"46":0,"47":1,"48":0,"49":0,"50":0,"51":0,"52":0,"53":0,"54":0,"55":0,"56":0,"57":0,"58":0,"59":0,"60":0,"61":1,"62":0,"63":0,"64":0,"65":0,"66":1},"f":{"0":0,"1":0,"2":0,"3":0,"4":0,"5":0},"b":{"0":[0,0],"1":[0,0,0,0,0],"2":[0,0],"3":[0,0,0],"4":[0,0],"5":[0,0],"6":[0,0],"7":[0,0],"8":[0,0],"9":[0,0],"10":[0,0],"11":[0,0],"12":[0,0],"13":[0,0]},"_coverageSchema":"1a1c01bbd47fc00a2c39e90264f33305004495a9","hash":"69653e1c7372b1d404d9764988ab4e653cb64bb1"}
,"C:\\Users\\Anilt\\OneDrive\\Desktop\\Projects\\ecommerce-nodejs\\controllers\\basketController.js": {"path":"C:\\Users\\Anilt\\OneDrive\\Desktop\\Projects\\ecommerce-nodejs\\controllers\\basketController.js","statementMap":{"0":{"start":{"line":1,"column":15},"end":{"line":1,"column":42}},"1":{"start":{"line":2,"column":16},"end":{"line":2,"column":44}},"2":{"start":{"line":4,"column":23},"end":{"line":21,"column":1}},"3":{"start":{"line":5,"column":2},"end":{"line":20,"column":3}},"4":{"start":{"line":6,"column":19},"end":{"line":6,"column":34}},"5":{"start":{"line":7,"column":24},"end":{"line":9,"column":5}},"6":{"start":{"line":11,"column":4},"end":{"line":15,"column":5}},"7":{"start":{"line":12,"column":6},"end":{"line":14,"column":63}},"8":{"start":{"line":16,"column":4},"end":{"line":16,"column":38}},"9":{"start":{"line":18,"column":4},"end":{"line":18,"column":63}},"10":{"start":{"line":19,"column":4},"end":{"line":19,"column":76}},"11":{"start":{"line":23,"column":24},"end":{"line":60,"column":1}},"12":{"start":{"line":24,"column":34},"end":{"line":24,"column":42}},"13":{"start":{"line":25,"column":17},"end":{"line":25,"column":32}},"14":{"start":{"line":27,"column":2},"end":{"line":29,"column":3}},"15":{"start":{"line":28,"column":4},"end":{"line":28,"column":78}},"16":{"start":{"line":31,"column":2},"end":{"line":59,"column":3}},"17":{"start":{"line":32,"column":17},"end":{"line":32,"column":58}},"18":{"start":{"line":34,"column":4},"end":{"line":50,"column":5}},"19":{"start":{"line":35,"column":27},"end":{"line":37,"column":7}},"20":{"start":{"line":36,"column":18},"end":{"line":36,"column":55}},"21":{"start":{"line":39,"column":6},"end":{"line":43,"column":7}},"22":{"start":{"line":40,"column":8},"end":{"line":40,"column":59}},"23":{"start":{"line":42,"column":8},"end":{"line":42,"column":63}},"24":{"start":{"line":45,"column":6},"end":{"line":49,"column":9}},"25":{"start":{"line":52,"column":4},"end":{"line":52,"column":67}},"26":{"start":{"line":54,"column":4},"end":{"line":54,"column":24}},"27":{"start":{"line":55,"column":4},"end":{"line":55,"column":33}},"28":{"start":{"line":57,"column":4},"end":{"line":57,"column":57}},"29":{"start":{"line":58,"column":4},"end":{"line":58,"column":76}},"30":{"start":{"line":61,"column":28},"end":{"line":74,"column":1}},"31":{"start":{"line":62,"column":19},"end":{"line":62,"column":20}},"32":{"start":{"line":64,"column":2},"end":{"line":71,"column":3}},"33":{"start":{"line":65,"column":20},"end":{"line":65,"column":56}},"34":{"start":{"line":66,"column":4},"end":{"line":70,"column":5}},"35":{"start":{"line":67,"column":6},"end":{"line":67,"column":50}},"36":{"start":{"line":69,"column":6},"end":{"line":69,"column":55}},"37":{"start":{"line":73,"column":2},"end":{"line":73,"column":31}},"38":{"start":{"line":76,"column":29},"end":{"line":100,"column":1}},"39":{"start":{"line":77,"column":24},"end":{"line":77,"column":34}},"40":{"start":{"line":79,"column":2},"end":{"line":79,"column":25}},"41":{"start":{"line":80,"column":2},"end":{"line":99,"column":3}},"42":{"start":{"line":81,"column":19},"end":{"line":81,"column":69}},"43":{"start":{"line":83,"column":4},"end":{"line":83,"column":24}},"44":{"start":{"line":84,"column":4},"end":{"line":86,"column":5}},"45":{"start":{"line":85,"column":6},"end":{"line":85,"column":67}},"46":{"start":{"line":88,"column":4},"end":{"line":90,"column":6}},"47":{"start":{"line":89,"column":16},"end":{"line":89,"column":53}},"48":{"start":{"line":92,"column":4},"end":{"line":92,"column":67}},"49":{"start":{"line":94,"column":4},"end":{"line":94,"column":24}},"50":{"start":{"line":95,"column":4},"end":{"line":95,"column":74}},"51":{"start":{"line":97,"column":4},"end":{"line":97,"column":61}},"52":{"start":{"line":98,"column":4},"end":{"line":98,"column":61}},"53":{"start":{"line":102,"column":25},"end":{"line":130,"column":1}},"54":{"start":{"line":103,"column":34},"end":{"line":103,"column":42}},"55":{"start":{"line":105,"column":2},"end":{"line":129,"column":3}},"56":{"start":{"line":106,"column":19},"end":{"line":106,"column":69}},"57":{"start":{"line":108,"column":4},"end":{"line":110,"column":5}},"58":{"start":{"line":109,"column":6},"end":{"line":109,"column":67}},"59":{"start":{"line":112,"column":25},"end":{"line":114,"column":5}},"60":{"start":{"line":113,"column":16},"end":{"line":113,"column":53}},"61":{"start":{"line":116,"column":4},"end":{"line":118,"column":5}},"62":{"start":{"line":117,"column":6},"end":{"line":117,"column":78}},"63":{"start":{"line":120,"column":4},"end":{"line":120,"column":54}},"64":{"start":{"line":122,"column":4},"end":{"line":122,"column":67}},"65":{"start":{"line":124,"column":4},"end":{"line":124,"column":24}},"66":{"start":{"line":125,"column":4},"end":{"line":125,"column":33}},"67":{"start":{"line":127,"column":4},"end":{"line":127,"column":51}},"68":{"start":{"line":128,"column":4},"end":{"line":128,"column":61}},"69":{"start":{"line":132,"column":0},"end":{"line":137,"column":2}}},"fnMap":{"0":{"name":"(anonymous_0)","decl":{"start":{"line":4,"column":23},"end":{"line":4,"column":24}},"loc":{"start":{"line":4,"column":43},"end":{"line":21,"column":1}},"line":4},"1":{"name":"(anonymous_1)","decl":{"start":{"line":23,"column":24},"end":{"line":23,"column":25}},"loc":{"start":{"line":23,"column":44},"end":{"line":60,"column":1}},"line":23},"2":{"name":"(anonymous_2)","decl":{"start":{"line":36,"column":8},"end":{"line":36,"column":9}},"loc":{"start":{"line":36,"column":18},"end":{"line":36,"column":55}},"line":36},"3":{"name":"(anonymous_3)","decl":{"start":{"line":61,"column":28},"end":{"line":61,"column":29}},"loc":{"start":{"line":61,"column":48},"end":{"line":74,"column":1}},"line":61},"4":{"name":"(anonymous_4)","decl":{"start":{"line":76,"column":29},"end":{"line":76,"column":30}},"loc":{"start":{"line":76,"column":49},"end":{"line":100,"column":1}},"line":76},"5":{"name":"(anonymous_5)","decl":{"start":{"line":89,"column":6},"end":{"line":89,"column":7}},"loc":{"start":{"line":89,"column":16},"end":{"line":89,"column":53}},"line":89},"6":{"name":"(anonymous_6)","decl":{"start":{"line":102,"column":25},"end":{"line":102,"column":26}},"loc":{"start":{"line":102,"column":45},"end":{"line":130,"column":1}},"line":102},"7":{"name":"(anonymous_7)","decl":{"start":{"line":113,"column":6},"end":{"line":113,"column":7}},"loc":{"start":{"line":113,"column":16},"end":{"line":113,"column":53}},"line":113}},"branchMap":{"0":{"loc":{"start":{"line":11,"column":4},"end":{"line":15,"column":5}},"type":"if","locations":[{"start":{"line":11,"column":4},"end":{"line":15,"column":5}},{"start":{},"end":{}}],"line":11},"1":{"loc":{"start":{"line":27,"column":2},"end":{"line":29,"column":3}},"type":"if","locations":[{"start":{"line":27,"column":2},"end":{"line":29,"column":3}},{"start":{},"end":{}}],"line":27},"2":{"loc":{"start":{"line":34,"column":4},"end":{"line":50,"column":5}},"type":"if","locations":[{"start":{"line":34,"column":4},"end":{"line":50,"column":5}},{"start":{"line":44,"column":11},"end":{"line":50,"column":5}}],"line":34},"3":{"loc":{"start":{"line":39,"column":6},"end":{"line":43,"column":7}},"type":"if","locations":[{"start":{"line":39,"column":6},"end":{"line":43,"column":7}},{"start":{"line":41,"column":13},"end":{"line":43,"column":7}}],"line":39},"4":{"loc":{"start":{"line":66,"column":4},"end":{"line":70,"column":5}},"type":"if","locations":[{"start":{"line":66,"column":4},"end":{"line":70,"column":5}},{"start":{"line":68,"column":11},"end":{"line":70,"column":5}}],"line":66},"5":{"loc":{"start":{"line":84,"column":4},"end":{"line":86,"column":5}},"type":"if","locations":[{"start":{"line":84,"column":4},"end":{"line":86,"column":5}},{"start":{},"end":{}}],"line":84},"6":{"loc":{"start":{"line":108,"column":4},"end":{"line":110,"column":5}},"type":"if","locations":[{"start":{"line":108,"column":4},"end":{"line":110,"column":5}},{"start":{},"end":{}}],"line":108},"7":{"loc":{"start":{"line":116,"column":4},"end":{"line":118,"column":5}},"type":"if","locations":[{"start":{"line":116,"column":4},"end":{"line":118,"column":5}},{"start":{},"end":{}}],"line":116}},"s":{"0":1,"1":1,"2":1,"3":0,"4":0,"5":0,"6":0,"7":0,"8":0,"9":0,"10":0,"11":1,"12":0,"13":0,"14":0,"15":0,"16":0,"17":0,"18":0,"19":0,"20":0,"21":0,"22":0,"23":0,"24":0,"25":0,"26":0,"27":0,"28":0,"29":0,"30":1,"31":0,"32":0,"33":0,"34":0,"35":0,"36":0,"37":0,"38":1,"39":0,"40":0,"41":0,"42":0,"43":0,"44":0,"45":0,"46":0,"47":0,"48":0,"49":0,"50":0,"51":0,"52":0,"53":1,"54":0,"55":0,"56":0,"57":0,"58":0,"59":0,"60":0,"61":0,"62":0,"63":0,"64":0,"65":0,"66":0,"67":0,"68":0,"69":1},"f":{"0":0,"1":0,"2":0,"3":0,"4":0,"5":0,"6":0,"7":0},"b":{"0":[0,0],"1":[0,0],"2":[0,0],"3":[0,0],"4":[0,0],"5":[0,0],"6":[0,0],"7":[0,0]},"_coverageSchema":"1a1c01bbd47fc00a2c39e90264f33305004495a9","hash":"df7c66892eaedc71395c59de5976e204a209f13b"}
,"C:\\Users\\Anilt\\OneDrive\\Desktop\\Projects\\ecommerce-nodejs\\controllers\\commentController.js": {"path":"C:\\Users\\Anilt\\OneDrive\\Desktop\\Projects\\ecommerce-nodejs\\controllers\\commentController.js","statementMap":{"0":{"start":{"line":1,"column":16},"end":{"line":1,"column":44}},"1":{"start":{"line":2,"column":16},"end":{"line":2,"column":44}},"2":{"start":{"line":3,"column":17},"end":{"line":3,"column":36}},"3":{"start":{"line":5,"column":22},"end":{"line":50,"column":1}},"4":{"start":{"line":6,"column":2},"end":{"line":49,"column":3}},"5":{"start":{"line":7,"column":36},"end":{"line":7,"column":44}},"6":{"start":{"line":9,"column":20},"end":{"line":14,"column":6}},"7":{"start":{"line":15,"column":25},"end":{"line":15,"column":45}},"8":{"start":{"line":17,"column":4},"end":{"line":17,"column":49}},"9":{"start":{"line":19,"column":22},"end":{"line":19,"column":58}},"10":{"start":{"line":20,"column":28},"end":{"line":20,"column":61}},"11":{"start":{"line":22,"column":4},"end":{"line":25,"column":5}},"12":{"start":{"line":23,"column":6},"end":{"line":23,"column":59}},"13":{"start":{"line":24,"column":6},"end":{"line":24,"column":68}},"14":{"start":{"line":27,"column":47},"end":{"line":33,"column":6}},"15":{"start":{"line":36,"column":6},"end":{"line":36,"column":67}},"16":{"start":{"line":38,"column":6},"end":{"line":38,"column":57}},"17":{"start":{"line":40,"column":4},"end":{"line":40,"column":57}},"18":{"start":{"line":42,"column":4},"end":{"line":42,"column":64}},"19":{"start":{"line":43,"column":4},"end":{"line":43,"column":33}},"20":{"start":{"line":45,"column":4},"end":{"line":45,"column":46}},"21":{"start":{"line":47,"column":4},"end":{"line":47,"column":52}},"22":{"start":{"line":48,"column":4},"end":{"line":48,"column":53}},"23":{"start":{"line":52,"column":29},"end":{"line":63,"column":1}},"24":{"start":{"line":53,"column":2},"end":{"line":62,"column":3}},"25":{"start":{"line":54,"column":21},"end":{"line":58,"column":25}},"26":{"start":{"line":59,"column":4},"end":{"line":59,"column":35}},"27":{"start":{"line":61,"column":4},"end":{"line":61,"column":53}},"28":{"start":{"line":65,"column":22},"end":{"line":77,"column":1}},"29":{"start":{"line":66,"column":2},"end":{"line":76,"column":3}},"30":{"start":{"line":67,"column":20},"end":{"line":67,"column":64}},"31":{"start":{"line":68,"column":4},"end":{"line":70,"column":5}},"32":{"start":{"line":69,"column":6},"end":{"line":69,"column":63}},"33":{"start":{"line":71,"column":4},"end":{"line":71,"column":33}},"34":{"start":{"line":72,"column":27},"end":{"line":72,"column":47}},"35":{"start":{"line":73,"column":4},"end":{"line":73,"column":41}},"36":{"start":{"line":75,"column":4},"end":{"line":75,"column":53}},"37":{"start":{"line":79,"column":22},"end":{"line":90,"column":1}},"38":{"start":{"line":80,"column":2},"end":{"line":89,"column":3}},"39":{"start":{"line":81,"column":20},"end":{"line":81,"column":64}},"40":{"start":{"line":82,"column":4},"end":{"line":84,"column":5}},"41":{"start":{"line":83,"column":6},"end":{"line":83,"column":63}},"42":{"start":{"line":85,"column":4},"end":{"line":85,"column":27}},"43":{"start":{"line":86,"column":4},"end":{"line":86,"column":57}},"44":{"start":{"line":88,"column":4},"end":{"line":88,"column":53}},"45":{"start":{"line":92,"column":0},"end":{"line":97,"column":2}}},"fnMap":{"0":{"name":"(anonymous_0)","decl":{"start":{"line":5,"column":22},"end":{"line":5,"column":23}},"loc":{"start":{"line":5,"column":42},"end":{"line":50,"column":1}},"line":5},"1":{"name":"(anonymous_1)","decl":{"start":{"line":52,"column":29},"end":{"line":52,"column":30}},"loc":{"start":{"line":52,"column":49},"end":{"line":63,"column":1}},"line":52},"2":{"name":"(anonymous_2)","decl":{"start":{"line":65,"column":22},"end":{"line":65,"column":23}},"loc":{"start":{"line":65,"column":42},"end":{"line":77,"column":1}},"line":65},"3":{"name":"(anonymous_3)","decl":{"start":{"line":79,"column":22},"end":{"line":79,"column":23}},"loc":{"start":{"line":79,"column":42},"end":{"line":90,"column":1}},"line":79}},"branchMap":{"0":{"loc":{"start":{"line":22,"column":4},"end":{"line":25,"column":5}},"type":"if","locations":[{"start":{"line":22,"column":4},"end":{"line":25,"column":5}},{"start":{},"end":{}}],"line":22},"1":{"loc":{"start":{"line":36,"column":6},"end":{"line":36,"column":67}},"type":"cond-expr","locations":[{"start":{"line":36,"column":37},"end":{"line":36,"column":63}},{"start":{"line":36,"column":66},"end":{"line":36,"column":67}}],"line":36},"2":{"loc":{"start":{"line":38,"column":6},"end":{"line":38,"column":57}},"type":"cond-expr","locations":[{"start":{"line":38,"column":26},"end":{"line":38,"column":53}},{"start":{"line":38,"column":56},"end":{"line":38,"column":57}}],"line":38},"3":{"loc":{"start":{"line":68,"column":4},"end":{"line":70,"column":5}},"type":"if","locations":[{"start":{"line":68,"column":4},"end":{"line":70,"column":5}},{"start":{},"end":{}}],"line":68},"4":{"loc":{"start":{"line":82,"column":4},"end":{"line":84,"column":5}},"type":"if","locations":[{"start":{"line":82,"column":4},"end":{"line":84,"column":5}},{"start":{},"end":{}}],"line":82}},"s":{"0":1,"1":1,"2":1,"3":1,"4":0,"5":0,"6":0,"7":0,"8":0,"9":0,"10":0,"11":0,"12":0,"13":0,"14":0,"15":0,"16":0,"17":0,"18":0,"19":0,"20":0,"21":0,"22":0,"23":1,"24":0,"25":0,"26":0,"27":0,"28":1,"29":0,"30":0,"31":0,"32":0,"33":0,"34":0,"35":0,"36":0,"37":1,"38":0,"39":0,"40":0,"41":0,"42":0,"43":0,"44":0,"45":1},"f":{"0":0,"1":0,"2":0,"3":0},"b":{"0":[0,0],"1":[0,0],"2":[0,0],"3":[0,0],"4":[0,0]},"_coverageSchema":"1a1c01bbd47fc00a2c39e90264f33305004495a9","hash":"f68f8f18254f9755784bedf21503b1a879121ed4"}
,"C:\\Users\\Anilt\\OneDrive\\Desktop\\Projects\\ecommerce-nodejs\\controllers\\favoritesController.js": {"path":"C:\\Users\\Anilt\\OneDrive\\Desktop\\Projects\\ecommerce-nodejs\\controllers\\favoritesController.js","statementMap":{"0":{"start":{"line":1,"column":17},"end":{"line":1,"column":47}},"1":{"start":{"line":2,"column":17},"end":{"line":2,"column":36}},"2":{"start":{"line":4,"column":21},"end":{"line":21,"column":1}},"3":{"start":{"line":5,"column":17},"end":{"line":5,"column":32}},"4":{"start":{"line":6,"column":2},"end":{"line":20,"column":3}},"5":{"start":{"line":7,"column":20},"end":{"line":9,"column":26}},"6":{"start":{"line":11,"column":4},"end":{"line":13,"column":5}},"7":{"start":{"line":12,"column":6},"end":{"line":12,"column":72}},"8":{"start":{"line":15,"column":4},"end":{"line":15,"column":62}},"9":{"start":{"line":15,"column":44},"end":{"line":15,"column":60}},"10":{"start":{"line":17,"column":4},"end":{"line":17,"column":36}},"11":{"start":{"line":19,"column":4},"end":{"line":19,"column":51}},"12":{"start":{"line":23,"column":20},"end":{"line":42,"column":1}},"13":{"start":{"line":24,"column":24},"end":{"line":24,"column":32}},"14":{"start":{"line":25,"column":17},"end":{"line":25,"column":32}},"15":{"start":{"line":27,"column":2},"end":{"line":29,"column":3}},"16":{"start":{"line":28,"column":4},"end":{"line":28,"column":78}},"17":{"start":{"line":30,"column":2},"end":{"line":41,"column":3}},"18":{"start":{"line":31,"column":24},"end":{"line":34,"column":6}},"19":{"start":{"line":36,"column":21},"end":{"line":36,"column":45}},"20":{"start":{"line":37,"column":4},"end":{"line":37,"column":35}},"21":{"start":{"line":39,"column":4},"end":{"line":39,"column":57}},"22":{"start":{"line":40,"column":4},"end":{"line":40,"column":51}},"23":{"start":{"line":44,"column":23},"end":{"line":70,"column":1}},"24":{"start":{"line":45,"column":17},"end":{"line":45,"column":32}},"25":{"start":{"line":46,"column":18},"end":{"line":46,"column":38}},"26":{"start":{"line":49,"column":2},"end":{"line":49,"column":31}},"27":{"start":{"line":52,"column":2},"end":{"line":54,"column":3}},"28":{"start":{"line":53,"column":4},"end":{"line":53,"column":67}},"29":{"start":{"line":56,"column":2},"end":{"line":69,"column":3}},"30":{"start":{"line":57,"column":21},"end":{"line":60,"column":6}},"31":{"start":{"line":62,"column":4},"end":{"line":64,"column":5}},"32":{"start":{"line":63,"column":6},"end":{"line":63,"column":69}},"33":{"start":{"line":66,"column":4},"end":{"line":66,"column":58}},"34":{"start":{"line":68,"column":4},"end":{"line":68,"column":51}},"35":{"start":{"line":72,"column":0},"end":{"line":76,"column":2}}},"fnMap":{"0":{"name":"(anonymous_0)","decl":{"start":{"line":4,"column":21},"end":{"line":4,"column":22}},"loc":{"start":{"line":4,"column":41},"end":{"line":21,"column":1}},"line":4},"1":{"name":"(anonymous_1)","decl":{"start":{"line":15,"column":30},"end":{"line":15,"column":31}},"loc":{"start":{"line":15,"column":44},"end":{"line":15,"column":60}},"line":15},"2":{"name":"(anonymous_2)","decl":{"start":{"line":23,"column":20},"end":{"line":23,"column":21}},"loc":{"start":{"line":23,"column":40},"end":{"line":42,"column":1}},"line":23},"3":{"name":"(anonymous_3)","decl":{"start":{"line":44,"column":23},"end":{"line":44,"column":24}},"loc":{"start":{"line":44,"column":43},"end":{"line":70,"column":1}},"line":44}},"branchMap":{"0":{"loc":{"start":{"line":11,"column":4},"end":{"line":13,"column":5}},"type":"if","locations":[{"start":{"line":11,"column":4},"end":{"line":13,"column":5}},{"start":{},"end":{}}],"line":11},"1":{"loc":{"start":{"line":27,"column":2},"end":{"line":29,"column":3}},"type":"if","locations":[{"start":{"line":27,"column":2},"end":{"line":29,"column":3}},{"start":{},"end":{}}],"line":27},"2":{"loc":{"start":{"line":52,"column":2},"end":{"line":54,"column":3}},"type":"if","locations":[{"start":{"line":52,"column":2},"end":{"line":54,"column":3}},{"start":{},"end":{}}],"line":52},"3":{"loc":{"start":{"line":62,"column":4},"end":{"line":64,"column":5}},"type":"if","locations":[{"start":{"line":62,"column":4},"end":{"line":64,"column":5}},{"start":{},"end":{}}],"line":62}},"s":{"0":1,"1":1,"2":1,"3":0,"4":0,"5":0,"6":0,"7":0,"8":0,"9":0,"10":0,"11":0,"12":1,"13":0,"14":0,"15":0,"16":0,"17":0,"18":0,"19":0,"20":0,"21":0,"22":0,"23":1,"24":0,"25":0,"26":0,"27":0,"28":0,"29":0,"30":0,"31":0,"32":0,"33":0,"34":0,"35":1},"f":{"0":0,"1":0,"2":0,"3":0},"b":{"0":[0,0],"1":[0,0],"2":[0,0],"3":[0,0]},"_coverageSchema":"1a1c01bbd47fc00a2c39e90264f33305004495a9","hash":"a3c9e1bfab460ecfedac9b789fd7b571240696b8"}
,"C:\\Users\\Anilt\\OneDrive\\Desktop\\Projects\\ecommerce-nodejs\\controllers\\orderController.js": {"path":"C:\\Users\\Anilt\\OneDrive\\Desktop\\Projects\\ecommerce-nodejs\\controllers\\orderController.js","statementMap":{"0":{"start":{"line":1,"column":18},"end":{"line":1,"column":47}},"1":{"start":{"line":2,"column":14},"end":{"line":2,"column":40}},"2":{"start":{"line":3,"column":16},"end":{"line":3,"column":44}},"3":{"start":{"line":4,"column":17},"end":{"line":4,"column":36}},"4":{"start":{"line":5,"column":13},"end":{"line":5,"column":38}},"5":{"start":{"line":6,"column":15},"end":{"line":6,"column":42}},"6":{"start":{"line":8,"column":20},"end":{"line":47,"column":1}},"7":{"start":{"line":9,"column":2},"end":{"line":46,"column":3}},"8":{"start":{"line":10,"column":49},"end":{"line":10,"column":57}},"9":{"start":{"line":12,"column":21},"end":{"line":12,"column":22}},"10":{"start":{"line":13,"column":4},"end":{"line":22,"column":5}},"11":{"start":{"line":14,"column":22},"end":{"line":14,"column":58}},"12":{"start":{"line":15,"column":6},"end":{"line":21,"column":7}},"13":{"start":{"line":16,"column":8},"end":{"line":16,"column":52}},"14":{"start":{"line":18,"column":8},"end":{"line":20,"column":74}},"15":{"start":{"line":24,"column":21},"end":{"line":31,"column":6}},"16":{"start":{"line":33,"column":23},"end":{"line":33,"column":44}},"17":{"start":{"line":35,"column":4},"end":{"line":41,"column":5}},"18":{"start":{"line":36,"column":22},"end":{"line":36,"column":58}},"19":{"start":{"line":37,"column":6},"end":{"line":40,"column":7}},"20":{"start":{"line":38,"column":8},"end":{"line":38,"column":39}},"21":{"start":{"line":39,"column":8},"end":{"line":39,"column":29}},"22":{"start":{"line":43,"column":4},"end":{"line":43,"column":37}},"23":{"start":{"line":45,"column":4},"end":{"line":45,"column":69}},"24":{"start":{"line":49,"column":31},"end":{"line":123,"column":1}},"25":{"start":{"line":50,"column":2},"end":{"line":122,"column":3}},"26":{"start":{"line":51,"column":20},"end":{"line":51,"column":35}},"27":{"start":{"line":52,"column":19},"end":{"line":54,"column":5}},"28":{"start":{"line":56,"column":4},"end":{"line":58,"column":5}},"29":{"start":{"line":57,"column":6},"end":{"line":57,"column":67}},"30":{"start":{"line":60,"column":19},"end":{"line":60,"column":21}},"31":{"start":{"line":62,"column":4},"end":{"line":108,"column":5}},"32":{"start":{"line":63,"column":22},"end":{"line":63,"column":34}},"33":{"start":{"line":65,"column":6},"end":{"line":67,"column":7}},"34":{"start":{"line":66,"column":8},"end":{"line":66,"column":80}},"35":{"start":{"line":69,"column":6},"end":{"line":73,"column":7}},"36":{"start":{"line":70,"column":8},"end":{"line":72,"column":11}},"37":{"start":{"line":75,"column":6},"end":{"line":107,"column":7}},"38":{"start":{"line":76,"column":25},"end":{"line":83,"column":10}},"39":{"start":{"line":85,"column":21},"end":{"line":85,"column":49}},"40":{"start":{"line":87,"column":8},"end":{"line":91,"column":10}},"41":{"start":{"line":93,"column":27},"end":{"line":93,"column":48}},"42":{"start":{"line":94,"column":8},"end":{"line":94,"column":32}},"43":{"start":{"line":96,"column":8},"end":{"line":96,"column":39}},"44":{"start":{"line":97,"column":8},"end":{"line":97,"column":29}},"45":{"start":{"line":99,"column":8},"end":{"line":102,"column":10}},"46":{"start":{"line":103,"column":8},"end":{"line":106,"column":11}},"47":{"start":{"line":110,"column":4},"end":{"line":110,"column":48}},"48":{"start":{"line":112,"column":4},"end":{"line":115,"column":7}},"49":{"start":{"line":117,"column":4},"end":{"line":117,"column":25}},"50":{"start":{"line":118,"column":4},"end":{"line":121,"column":7}},"51":{"start":{"line":125,"column":21},"end":{"line":136,"column":1}},"52":{"start":{"line":126,"column":2},"end":{"line":135,"column":3}},"53":{"start":{"line":127,"column":18},"end":{"line":127,"column":53}},"54":{"start":{"line":128,"column":4},"end":{"line":132,"column":5}},"55":{"start":{"line":129,"column":6},"end":{"line":129,"column":34}},"56":{"start":{"line":131,"column":6},"end":{"line":131,"column":59}},"57":{"start":{"line":134,"column":4},"end":{"line":134,"column":69}},"58":{"start":{"line":138,"column":26},"end":{"line":155,"column":1}},"59":{"start":{"line":139,"column":2},"end":{"line":154,"column":3}},"60":{"start":{"line":140,"column":23},"end":{"line":140,"column":38}},"61":{"start":{"line":142,"column":4},"end":{"line":144,"column":5}},"62":{"start":{"line":143,"column":6},"end":{"line":143,"column":77}},"63":{"start":{"line":146,"column":19},"end":{"line":148,"column":35}},"64":{"start":{"line":150,"column":4},"end":{"line":150,"column":33}},"65":{"start":{"line":152,"column":4},"end":{"line":152,"column":59}},"66":{"start":{"line":153,"column":4},"end":{"line":153,"column":70}},"67":{"start":{"line":157,"column":26},"end":{"line":167,"column":1}},"68":{"start":{"line":158,"column":2},"end":{"line":166,"column":3}},"69":{"start":{"line":159,"column":19},"end":{"line":161,"column":5}},"70":{"start":{"line":162,"column":4},"end":{"line":162,"column":33}},"71":{"start":{"line":164,"column":4},"end":{"line":164,"column":51}},"72":{"start":{"line":165,"column":4},"end":{"line":165,"column":70}},"73":{"start":{"line":169,"column":26},"end":{"line":200,"column":1}},"74":{"start":{"line":170,"column":2},"end":{"line":199,"column":3}},"75":{"start":{"line":171,"column":16},"end":{"line":171,"column":29}},"76":{"start":{"line":172,"column":22},"end":{"line":172,"column":37}},"77":{"start":{"line":173,"column":4},"end":{"line":173,"column":60}},"78":{"start":{"line":175,"column":4},"end":{"line":177,"column":5}},"79":{"start":{"line":176,"column":6},"end":{"line":176,"column":69}},"80":{"start":{"line":179,"column":18},"end":{"line":179,"column":43}},"81":{"start":{"line":180,"column":4},"end":{"line":189,"column":5}},"82":{"start":{"line":181,"column":19},"end":{"line":181,"column":57}},"83":{"start":{"line":182,"column":22},"end":{"line":182,"column":76}},"84":{"start":{"line":184,"column":6},"end":{"line":188,"column":8}},"85":{"start":{"line":190,"column":4},"end":{"line":196,"column":5}},"86":{"start":{"line":191,"column":6},"end":{"line":191,"column":31}},"87":{"start":{"line":192,"column":6},"end":{"line":192,"column":25}},"88":{"start":{"line":193,"column":6},"end":{"line":193,"column":34}},"89":{"start":{"line":195,"column":6},"end":{"line":195,"column":59}},"90":{"start":{"line":198,"column":4},"end":{"line":198,"column":69}},"91":{"start":{"line":226,"column":0},"end":{"line":233,"column":2}}},"fnMap":{"0":{"name":"(anonymous_0)","decl":{"start":{"line":8,"column":20},"end":{"line":8,"column":21}},"loc":{"start":{"line":8,"column":40},"end":{"line":47,"column":1}},"line":8},"1":{"name":"(anonymous_1)","decl":{"start":{"line":49,"column":31},"end":{"line":49,"column":32}},"loc":{"start":{"line":49,"column":51},"end":{"line":123,"column":1}},"line":49},"2":{"name":"(anonymous_2)","decl":{"start":{"line":125,"column":21},"end":{"line":125,"column":22}},"loc":{"start":{"line":125,"column":41},"end":{"line":136,"column":1}},"line":125},"3":{"name":"(anonymous_3)","decl":{"start":{"line":138,"column":26},"end":{"line":138,"column":27}},"loc":{"start":{"line":138,"column":46},"end":{"line":155,"column":1}},"line":138},"4":{"name":"(anonymous_4)","decl":{"start":{"line":157,"column":26},"end":{"line":157,"column":27}},"loc":{"start":{"line":157,"column":46},"end":{"line":167,"column":1}},"line":157},"5":{"name":"(anonymous_5)","decl":{"start":{"line":169,"column":26},"end":{"line":169,"column":27}},"loc":{"start":{"line":169,"column":46},"end":{"line":200,"column":1}},"line":169}},"branchMap":{"0":{"loc":{"start":{"line":15,"column":6},"end":{"line":21,"column":7}},"type":"if","locations":[{"start":{"line":15,"column":6},"end":{"line":21,"column":7}},{"start":{"line":17,"column":13},"end":{"line":21,"column":7}}],"line":15},"1":{"loc":{"start":{"line":37,"column":6},"end":{"line":40,"column":7}},"type":"if","locations":[{"start":{"line":37,"column":6},"end":{"line":40,"column":7}},{"start":{},"end":{}}],"line":37},"2":{"loc":{"start":{"line":56,"column":4},"end":{"line":58,"column":5}},"type":"if","locations":[{"start":{"line":56,"column":4},"end":{"line":58,"column":5}},{"start":{},"end":{}}],"line":56},"3":{"loc":{"start":{"line":65,"column":6},"end":{"line":67,"column":7}},"type":"if","locations":[{"start":{"line":65,"column":6},"end":{"line":67,"column":7}},{"start":{},"end":{}}],"line":65},"4":{"loc":{"start":{"line":69,"column":6},"end":{"line":73,"column":7}},"type":"if","locations":[{"start":{"line":69,"column":6},"end":{"line":73,"column":7}},{"start":{},"end":{}}],"line":69},"5":{"loc":{"start":{"line":120,"column":13},"end":{"line":120,"column":35}},"type":"binary-expr","locations":[{"start":{"line":120,"column":13},"end":{"line":120,"column":26}},{"start":{"line":120,"column":30},"end":{"line":120,"column":35}}],"line":120},"6":{"loc":{"start":{"line":128,"column":4},"end":{"line":132,"column":5}},"type":"if","locations":[{"start":{"line":128,"column":4},"end":{"line":132,"column":5}},{"start":{"line":130,"column":11},"end":{"line":132,"column":5}}],"line":128},"7":{"loc":{"start":{"line":142,"column":4},"end":{"line":144,"column":5}},"type":"if","locations":[{"start":{"line":142,"column":4},"end":{"line":144,"column":5}},{"start":{},"end":{}}],"line":142},"8":{"loc":{"start":{"line":175,"column":4},"end":{"line":177,"column":5}},"type":"if","locations":[{"start":{"line":175,"column":4},"end":{"line":177,"column":5}},{"start":{},"end":{}}],"line":175},"9":{"loc":{"start":{"line":180,"column":4},"end":{"line":189,"column":5}},"type":"if","locations":[{"start":{"line":180,"column":4},"end":{"line":189,"column":5}},{"start":{},"end":{}}],"line":180},"10":{"loc":{"start":{"line":190,"column":4},"end":{"line":196,"column":5}},"type":"if","locations":[{"start":{"line":190,"column":4},"end":{"line":196,"column":5}},{"start":{"line":194,"column":11},"end":{"line":196,"column":5}}],"line":190}},"s":{"0":1,"1":1,"2":1,"3":1,"4":1,"5":1,"6":1,"7":0,"8":0,"9":0,"10":0,"11":0,"12":0,"13":0,"14":0,"15":0,"16":0,"17":0,"18":0,"19":0,"20":0,"21":0,"22":0,"23":0,"24":1,"25":0,"26":0,"27":0,"28":0,"29":0,"30":0,"31":0,"32":0,"33":0,"34":0,"35":0,"36":0,"37":0,"38":0,"39":0,"40":0,"41":0,"42":0,"43":0,"44":0,"45":0,"46":0,"47":0,"48":0,"49":0,"50":0,"51":1,"52":0,"53":0,"54":0,"55":0,"56":0,"57":0,"58":1,"59":0,"60":0,"61":0,"62":0,"63":0,"64":0,"65":0,"66":0,"67":1,"68":0,"69":0,"70":0,"71":0,"72":0,"73":1,"74":0,"75":0,"76":0,"77":0,"78":0,"79":0,"80":0,"81":0,"82":0,"83":0,"84":0,"85":0,"86":0,"87":0,"88":0,"89":0,"90":0,"91":1},"f":{"0":0,"1":0,"2":0,"3":0,"4":0,"5":0},"b":{"0":[0,0],"1":[0,0],"2":[0,0],"3":[0,0],"4":[0,0],"5":[0,0],"6":[0,0],"7":[0,0],"8":[0,0],"9":[0,0],"10":[0,0]},"_coverageSchema":"1a1c01bbd47fc00a2c39e90264f33305004495a9","hash":"69d4d67526ffc47bf1379779ffd3ef238163f390"}
,"C:\\Users\\Anilt\\OneDrive\\Desktop\\Projects\\ecommerce-nodejs\\controllers\\productController.js": {"path":"C:\\Users\\Anilt\\OneDrive\\Desktop\\Projects\\ecommerce-nodejs\\controllers\\productController.js","statementMap":{"0":{"start":{"line":1,"column":16},"end":{"line":1,"column":44}},"1":{"start":{"line":3,"column":19},"end":{"line":65,"column":1}},"2":{"start":{"line":4,"column":2},"end":{"line":64,"column":3}},"3":{"start":{"line":14,"column":8},"end":{"line":14,"column":16}},"4":{"start":{"line":16,"column":4},"end":{"line":22,"column":5}},"5":{"start":{"line":17,"column":6},"end":{"line":21,"column":9}},"6":{"start":{"line":42,"column":23},"end":{"line":51,"column":6}},"7":{"start":{"line":53,"column":4},"end":{"line":57,"column":7}},"8":{"start":{"line":59,"column":4},"end":{"line":63,"column":7}},"9":{"start":{"line":67,"column":23},"end":{"line":84,"column":1}},"10":{"start":{"line":68,"column":2},"end":{"line":83,"column":3}},"11":{"start":{"line":69,"column":25},"end":{"line":69,"column":34}},"12":{"start":{"line":70,"column":4},"end":{"line":70,"column":26}},"13":{"start":{"line":71,"column":18},"end":{"line":71,"column":63}},"14":{"start":{"line":72,"column":21},"end":{"line":72,"column":76}},"15":{"start":{"line":73,"column":4},"end":{"line":76,"column":7}},"16":{"start":{"line":78,"column":4},"end":{"line":82,"column":7}},"17":{"start":{"line":86,"column":23},"end":{"line":109,"column":1}},"18":{"start":{"line":87,"column":2},"end":{"line":108,"column":3}},"19":{"start":{"line":88,"column":20},"end":{"line":91,"column":5}},"20":{"start":{"line":92,"column":4},"end":{"line":97,"column":5}},"21":{"start":{"line":93,"column":6},"end":{"line":96,"column":9}},"22":{"start":{"line":98,"column":4},"end":{"line":101,"column":7}},"23":{"start":{"line":103,"column":4},"end":{"line":107,"column":7}},"24":{"start":{"line":111,"column":22},"end":{"line":139,"column":1}},"25":{"start":{"line":112,"column":2},"end":{"line":138,"column":3}},"26":{"start":{"line":113,"column":57},"end":{"line":113,"column":65}},"27":{"start":{"line":114,"column":27},"end":{"line":118,"column":5}},"28":{"start":{"line":120,"column":4},"end":{"line":125,"column":5}},"29":{"start":{"line":121,"column":6},"end":{"line":124,"column":9}},"30":{"start":{"line":127,"column":4},"end":{"line":131,"column":7}},"31":{"start":{"line":133,"column":4},"end":{"line":137,"column":7}},"32":{"start":{"line":141,"column":28},"end":{"line":159,"column":1}},"33":{"start":{"line":142,"column":2},"end":{"line":158,"column":3}},"34":{"start":{"line":143,"column":21},"end":{"line":143,"column":58}},"35":{"start":{"line":144,"column":21},"end":{"line":147,"column":5}},"36":{"start":{"line":148,"column":4},"end":{"line":151,"column":7}},"37":{"start":{"line":153,"column":4},"end":{"line":157,"column":7}},"38":{"start":{"line":161,"column":22},"end":{"line":183,"column":1}},"39":{"start":{"line":162,"column":2},"end":{"line":182,"column":3}},"40":{"start":{"line":163,"column":27},"end":{"line":163,"column":73}},"41":{"start":{"line":165,"column":4},"end":{"line":170,"column":5}},"42":{"start":{"line":166,"column":6},"end":{"line":169,"column":9}},"43":{"start":{"line":172,"column":4},"end":{"line":175,"column":7}},"44":{"start":{"line":177,"column":4},"end":{"line":181,"column":7}},"45":{"start":{"line":185,"column":0},"end":{"line":192,"column":2}}},"fnMap":{"0":{"name":"(anonymous_0)","decl":{"start":{"line":3,"column":19},"end":{"line":3,"column":20}},"loc":{"start":{"line":3,"column":39},"end":{"line":65,"column":1}},"line":3},"1":{"name":"(anonymous_1)","decl":{"start":{"line":67,"column":23},"end":{"line":67,"column":24}},"loc":{"start":{"line":67,"column":43},"end":{"line":84,"column":1}},"line":67},"2":{"name":"(anonymous_2)","decl":{"start":{"line":86,"column":23},"end":{"line":86,"column":24}},"loc":{"start":{"line":86,"column":43},"end":{"line":109,"column":1}},"line":86},"3":{"name":"(anonymous_3)","decl":{"start":{"line":111,"column":22},"end":{"line":111,"column":23}},"loc":{"start":{"line":111,"column":42},"end":{"line":139,"column":1}},"line":111},"4":{"name":"(anonymous_4)","decl":{"start":{"line":141,"column":28},"end":{"line":141,"column":29}},"loc":{"start":{"line":141,"column":48},"end":{"line":159,"column":1}},"line":141},"5":{"name":"(anonymous_5)","decl":{"start":{"line":161,"column":22},"end":{"line":161,"column":23}},"loc":{"start":{"line":161,"column":42},"end":{"line":183,"column":1}},"line":161}},"branchMap":{"0":{"loc":{"start":{"line":16,"column":4},"end":{"line":22,"column":5}},"type":"if","locations":[{"start":{"line":16,"column":4},"end":{"line":22,"column":5}},{"start":{},"end":{}}],"line":16},"1":{"loc":{"start":{"line":16,"column":8},"end":{"line":16,"column":75}},"type":"binary-expr","locations":[{"start":{"line":16,"column":8},"end":{"line":16,"column":13}},{"start":{"line":16,"column":17},"end":{"line":16,"column":27}},{"start":{"line":16,"column":31},"end":{"line":16,"column":37}},{"start":{"line":16,"column":41},"end":{"line":16,"column":47}},{"start":{"line":16,"column":51},"end":{"line":16,"column":58}},{"start":{"line":16,"column":62},"end":{"line":16,"column":75}}],"line":16},"2":{"loc":{"start":{"line":71,"column":18},"end":{"line":71,"column":63}},"type":"cond-expr","locations":[{"start":{"line":71,"column":29},"end":{"line":71,"column":58}},{"start":{"line":71,"column":61},"end":{"line":71,"column":63}}],"line":71},"3":{"loc":{"start":{"line":92,"column":4},"end":{"line":97,"column":5}},"type":"if","locations":[{"start":{"line":92,"column":4},"end":{"line":97,"column":5}},{"start":{},"end":{}}],"line":92},"4":{"loc":{"start":{"line":120,"column":4},"end":{"line":125,"column":5}},"type":"if","locations":[{"start":{"line":120,"column":4},"end":{"line":125,"column":5}},{"start":{},"end":{}}],"line":120},"5":{"loc":{"start":{"line":143,"column":21},"end":{"line":143,"column":58}},"type":"binary-expr","locations":[{"start":{"line":143,"column":21},"end":{"line":143,"column":39}},{"start":{"line":143,"column":43},"end":{"line":143,"column":58}}],"line":143},"6":{"loc":{"start":{"line":165,"column":4},"end":{"line":170,"column":5}},"type":"if","locations":[{"start":{"line":165,"column":4},"end":{"line":170,"column":5}},{"start":{},"end":{}}],"line":165}},"s":{"0":1,"1":1,"2":0,"3":0,"4":0,"5":0,"6":0,"7":0,"8":0,"9":1,"10":0,"11":0,"12":0,"13":0,"14":0,"15":0,"16":0,"17":1,"18":0,"19":0,"20":0,"21":0,"22":0,"23":0,"24":1,"25":0,"26":0,"27":0,"28":0,"29":0,"30":0,"31":0,"32":1,"33":0,"34":0,"35":0,"36":0,"37":0,"38":1,"39":0,"40":0,"41":0,"42":0,"43":0,"44":0,"45":1},"f":{"0":0,"1":0,"2":0,"3":0,"4":0,"5":0},"b":{"0":[0,0],"1":[0,0,0,0,0,0],"2":[0,0],"3":[0,0],"4":[0,0],"5":[0,0],"6":[0,0]},"_coverageSchema":"1a1c01bbd47fc00a2c39e90264f33305004495a9","hash":"7019fb8d40bb045b7b51c3a6c68d352c3f8acdc4"}
,"C:\\Users\\Anilt\\OneDrive\\Desktop\\Projects\\ecommerce-nodejs\\mail\\nodemailer.js": {"path":"C:\\Users\\Anilt\\OneDrive\\Desktop\\Projects\\ecommerce-nodejs\\mail\\nodemailer.js","statementMap":{"0":{"start":{"line":1,"column":19},"end":{"line":1,"column":40}},"1":{"start":{"line":4,"column":2},"end":{"line":30,"column":3}},"2":{"start":{"line":5,"column":24},"end":{"line":11,"column":6}},"3":{"start":{"line":13,"column":4},"end":{"line":13,"column":31}},"4":{"start":{"line":14,"column":4},"end":{"line":14,"column":45}},"5":{"start":{"line":16,"column":24},"end":{"line":22,"column":5}},"6":{"start":{"line":25,"column":17},"end":{"line":25,"column":56}},"7":{"start":{"line":26,"column":4},"end":{"line":26,"column":64}},"8":{"start":{"line":28,"column":4},"end":{"line":28,"column":49}},"9":{"start":{"line":29,"column":4},"end":{"line":29,"column":50}},"10":{"start":{"line":33,"column":0},"end":{"line":33,"column":27}},"11":{"start":{"line":35,"column":22},"end":{"line":142,"column":1}},"12":{"start":{"line":35,"column":50},"end":{"line":142,"column":1}}},"fnMap":{"0":{"name":"sendEmail","decl":{"start":{"line":3,"column":15},"end":{"line":3,"column":24}},"loc":{"start":{"line":3,"column":49},"end":{"line":31,"column":1}},"line":3},"1":{"name":"(anonymous_1)","decl":{"start":{"line":35,"column":22},"end":{"line":35,"column":23}},"loc":{"start":{"line":35,"column":50},"end":{"line":142,"column":1}},"line":35}},"branchMap":{},"s":{"0":1,"1":0,"2":0,"3":0,"4":0,"5":0,"6":0,"7":0,"8":0,"9":0,"10":1,"11":1,"12":0},"f":{"0":0,"1":0},"b":{},"_coverageSchema":"1a1c01bbd47fc00a2c39e90264f33305004495a9","hash":"31c06e95fc807f9c374619441ac22eb4240d8a04"}
,"C:\\Users\\Anilt\\OneDrive\\Desktop\\Projects\\ecommerce-nodejs\\middleware\\authMiddleware.js": {"path":"C:\\Users\\Anilt\\OneDrive\\Desktop\\Projects\\ecommerce-nodejs\\middleware\\authMiddleware.js","statementMap":{"0":{"start":{"line":1,"column":12},"end":{"line":1,"column":35}},"1":{"start":{"line":2,"column":19},"end":{"line":2,"column":41}},"2":{"start":{"line":4,"column":13},"end":{"line":35,"column":1}},"3":{"start":{"line":5,"column":2},"end":{"line":11,"column":3}},"4":{"start":{"line":6,"column":4},"end":{"line":6,"column":72}},"5":{"start":{"line":7,"column":4},"end":{"line":10,"column":7}},"6":{"start":{"line":13,"column":21},"end":{"line":13,"column":48}},"7":{"start":{"line":15,"column":2},"end":{"line":20,"column":3}},"8":{"start":{"line":16,"column":4},"end":{"line":19,"column":7}},"9":{"start":{"line":22,"column":16},"end":{"line":22,"column":40}},"10":{"start":{"line":24,"column":2},"end":{"line":34,"column":3}},"11":{"start":{"line":25,"column":20},"end":{"line":25,"column":49}},"12":{"start":{"line":26,"column":4},"end":{"line":26,"column":38}},"13":{"start":{"line":27,"column":4},"end":{"line":27,"column":11}},"14":{"start":{"line":29,"column":22},"end":{"line":29,"column":56}},"15":{"start":{"line":30,"column":4},"end":{"line":33,"column":7}},"16":{"start":{"line":37,"column":0},"end":{"line":37,"column":26}}},"fnMap":{"0":{"name":"(anonymous_0)","decl":{"start":{"line":4,"column":13},"end":{"line":4,"column":14}},"loc":{"start":{"line":4,"column":33},"end":{"line":35,"column":1}},"line":4}},"branchMap":{"0":{"loc":{"start":{"line":5,"column":2},"end":{"line":11,"column":3}},"type":"if","locations":[{"start":{"line":5,"column":2},"end":{"line":11,"column":3}},{"start":{},"end":{}}],"line":5},"1":{"loc":{"start":{"line":15,"column":2},"end":{"line":20,"column":3}},"type":"if","locations":[{"start":{"line":15,"column":2},"end":{"line":20,"column":3}},{"start":{},"end":{}}],"line":15},"2":{"loc":{"start":{"line":15,"column":6},"end":{"line":15,"column":54}},"type":"binary-expr","locations":[{"start":{"line":15,"column":6},"end":{"line":15,"column":17}},{"start":{"line":15,"column":21},"end":{"line":15,"column":54}}],"line":15},"3":{"loc":{"start":{"line":32,"column":15},"end":{"line":32,"column":69}},"type":"cond-expr","locations":[{"start":{"line":32,"column":27},"end":{"line":32,"column":46}},{"start":{"line":32,"column":49},"end":{"line":32,"column":69}}],"line":32}},"s":{"0":1,"1":1,"2":1,"3":0,"4":0,"5":0,"6":0,"7":0,"8":0,"9":0,"10":0,"11":0,"12":0,"13":0,"14":0,"15":0,"16":1},"f":{"0":0},"b":{"0":[0,0],"1":[0,0],"2":[0,0],"3":[0,0]},"_coverageSchema":"1a1c01bbd47fc00a2c39e90264f33305004495a9","hash":"91fd81d0f9ea67f306eb240350a86ac082a40c34"}
,"C:\\Users\\Anilt\\OneDrive\\Desktop\\Projects\\ecommerce-nodejs\\models\\Basket.js": {"path":"C:\\Users\\Anilt\\OneDrive\\Desktop\\Projects\\ecommerce-nodejs\\models\\Basket.js","statementMap":{"0":{"start":{"line":1,"column":17},"end":{"line":1,"column":36}},"1":{"start":{"line":2,"column":15},"end":{"line":2,"column":30}},"2":{"start":{"line":4,"column":21},"end":{"line":37,"column":2}},"3":{"start":{"line":39,"column":0},"end":{"line":42,"column":3}},"4":{"start":{"line":40,"column":2},"end":{"line":40,"column":30}},"5":{"start":{"line":41,"column":2},"end":{"line":41,"column":9}},"6":{"start":{"line":44,"column":15},"end":{"line":44,"column":53}},"7":{"start":{"line":46,"column":0},"end":{"line":46,"column":24}}},"fnMap":{"0":{"name":"(anonymous_0)","decl":{"start":{"line":39,"column":25},"end":{"line":39,"column":26}},"loc":{"start":{"line":39,"column":41},"end":{"line":42,"column":1}},"line":39}},"branchMap":{},"s":{"0":1,"1":1,"2":1,"3":1,"4":0,"5":0,"6":1,"7":1},"f":{"0":0},"b":{},"_coverageSchema":"1a1c01bbd47fc00a2c39e90264f33305004495a9","hash":"d23a37470d78c878fce4ffc50ae7a87704671fd9"}
,"C:\\Users\\Anilt\\OneDrive\\Desktop\\Projects\\ecommerce-nodejs\\models\\Comment.js": {"path":"C:\\Users\\Anilt\\OneDrive\\Desktop\\Projects\\ecommerce-nodejs\\models\\Comment.js","statementMap":{"0":{"start":{"line":1,"column":17},"end":{"line":1,"column":36}},"1":{"start":{"line":3,"column":15},"end":{"line":3,"column":30}},"2":{"start":{"line":5,"column":22},"end":{"line":28,"column":2}},"3":{"start":{"line":30,"column":0},"end":{"line":30,"column":58}}},"fnMap":{},"branchMap":{},"s":{"0":1,"1":1,"2":1,"3":1},"f":{},"b":{},"_coverageSchema":"1a1c01bbd47fc00a2c39e90264f33305004495a9","hash":"71211f0911babbcb5166df441cea62a8cdec9e7c"}
,"C:\\Users\\Anilt\\OneDrive\\Desktop\\Projects\\ecommerce-nodejs\\models\\Favorites.js": {"path":"C:\\Users\\Anilt\\OneDrive\\Desktop\\Projects\\ecommerce-nodejs\\models\\Favorites.js","statementMap":{"0":{"start":{"line":1,"column":17},"end":{"line":1,"column":36}},"1":{"start":{"line":3,"column":15},"end":{"line":3,"column":30}},"2":{"start":{"line":5,"column":23},"end":{"line":20,"column":2}},"3":{"start":{"line":22,"column":0},"end":{"line":22,"column":60}}},"fnMap":{},"branchMap":{},"s":{"0":1,"1":1,"2":1,"3":1},"f":{},"b":{},"_coverageSchema":"1a1c01bbd47fc00a2c39e90264f33305004495a9","hash":"38da581ca1b8a15917fec3caaa40942d7423e0d1"}
,"C:\\Users\\Anilt\\OneDrive\\Desktop\\Projects\\ecommerce-nodejs\\models\\Order.js": {"path":"C:\\Users\\Anilt\\OneDrive\\Desktop\\Projects\\ecommerce-nodejs\\models\\Order.js","statementMap":{"0":{"start":{"line":1,"column":17},"end":{"line":1,"column":36}},"1":{"start":{"line":3,"column":20},"end":{"line":42,"column":2}},"2":{"start":{"line":44,"column":14},"end":{"line":44,"column":50}},"3":{"start":{"line":46,"column":0},"end":{"line":46,"column":23}}},"fnMap":{},"branchMap":{},"s":{"0":1,"1":1,"2":1,"3":1},"f":{},"b":{},"_coverageSchema":"1a1c01bbd47fc00a2c39e90264f33305004495a9","hash":"f05c430ebecc6be2e7f9144425defaad50f7f807"}
,"C:\\Users\\Anilt\\OneDrive\\Desktop\\Projects\\ecommerce-nodejs\\models\\Product.js": {"path":"C:\\Users\\Anilt\\OneDrive\\Desktop\\Projects\\ecommerce-nodejs\\models\\Product.js","statementMap":{"0":{"start":{"line":1,"column":17},"end":{"line":1,"column":36}},"1":{"start":{"line":3,"column":28},"end":{"line":26,"column":2}},"2":{"start":{"line":28,"column":16},"end":{"line":28,"column":62}},"3":{"start":{"line":30,"column":0},"end":{"line":30,"column":25}}},"fnMap":{},"branchMap":{},"s":{"0":1,"1":1,"2":1,"3":1},"f":{},"b":{},"_coverageSchema":"1a1c01bbd47fc00a2c39e90264f33305004495a9","hash":"2c06f17eec877527adf86f74f8ced3431be95d9f"}
,"C:\\Users\\Anilt\\OneDrive\\Desktop\\Projects\\ecommerce-nodejs\\models\\User.js": {"path":"C:\\Users\\Anilt\\OneDrive\\Desktop\\Projects\\ecommerce-nodejs\\models\\User.js","statementMap":{"0":{"start":{"line":1,"column":17},"end":{"line":1,"column":36}},"1":{"start":{"line":2,"column":15},"end":{"line":2,"column":32}},"2":{"start":{"line":4,"column":19},"end":{"line":15,"column":1}},"3":{"start":{"line":17,"column":0},"end":{"line":22,"column":3}},"4":{"start":{"line":18,"column":2},"end":{"line":18,"column":50}},"5":{"start":{"line":18,"column":36},"end":{"line":18,"column":50}},"6":{"start":{"line":19,"column":15},"end":{"line":19,"column":39}},"7":{"start":{"line":20,"column":2},"end":{"line":20,"column":57}},"8":{"start":{"line":21,"column":2},"end":{"line":21,"column":9}},"9":{"start":{"line":24,"column":13},"end":{"line":24,"column":47}},"10":{"start":{"line":26,"column":0},"end":{"line":26,"column":22}}},"fnMap":{"0":{"name":"(anonymous_0)","decl":{"start":{"line":17,"column":23},"end":{"line":17,"column":24}},"loc":{"start":{"line":17,"column":45},"end":{"line":22,"column":1}},"line":17}},"branchMap":{"0":{"loc":{"start":{"line":18,"column":2},"end":{"line":18,"column":50}},"type":"if","locations":[{"start":{"line":18,"column":2},"end":{"line":18,"column":50}},{"start":{},"end":{}}],"line":18}},"s":{"0":1,"1":1,"2":1,"3":1,"4":0,"5":0,"6":0,"7":0,"8":0,"9":1,"10":1},"f":{"0":0},"b":{"0":[0,0]},"_coverageSchema":"1a1c01bbd47fc00a2c39e90264f33305004495a9","hash":"7351f1cdc14fb0725e5c492ab9819ebeb8435bac"}
,"C:\\Users\\Anilt\\OneDrive\\Desktop\\Projects\\ecommerce-nodejs\\routes\\auth.js": {"path":"C:\\Users\\Anilt\\OneDrive\\Desktop\\Projects\\ecommerce-nodejs\\routes\\auth.js","statementMap":{"0":{"start":{"line":1,"column":16},"end":{"line":1,"column":34}},"1":{"start":{"line":9,"column":4},"end":{"line":9,"column":44}},"2":{"start":{"line":10,"column":17},"end":{"line":10,"column":56}},"3":{"start":{"line":11,"column":15},"end":{"line":11,"column":31}},"4":{"start":{"line":13,"column":0},"end":{"line":13,"column":35}},"5":{"start":{"line":14,"column":0},"end":{"line":14,"column":33}},"6":{"start":{"line":15,"column":0},"end":{"line":15,"column":36}},"7":{"start":{"line":16,"column":0},"end":{"line":16,"column":40}},"8":{"start":{"line":17,"column":0},"end":{"line":17,"column":35}},"9":{"start":{"line":18,"column":0},"end":{"line":18,"column":54}},"10":{"start":{"line":20,"column":0},"end":{"line":20,"column":24}}},"fnMap":{},"branchMap":{},"s":{"0":1,"1":1,"2":1,"3":1,"4":1,"5":1,"6":1,"7":1,"8":1,"9":1,"10":1},"f":{},"b":{},"_coverageSchema":"1a1c01bbd47fc00a2c39e90264f33305004495a9","hash":"a36d806fb3a62020a3205ed6cfb572b673d11450"}
,"C:\\Users\\Anilt\\OneDrive\\Desktop\\Projects\\ecommerce-nodejs\\routes\\basket.js": {"path":"C:\\Users\\Anilt\\OneDrive\\Desktop\\Projects\\ecommerce-nodejs\\routes\\basket.js","statementMap":{"0":{"start":{"line":1,"column":16},"end":{"line":1,"column":34}},"1":{"start":{"line":7,"column":4},"end":{"line":7,"column":46}},"2":{"start":{"line":9,"column":17},"end":{"line":9,"column":56}},"3":{"start":{"line":11,"column":15},"end":{"line":11,"column":31}},"4":{"start":{"line":13,"column":0},"end":{"line":13,"column":38}},"5":{"start":{"line":14,"column":0},"end":{"line":14,"column":43}},"6":{"start":{"line":15,"column":0},"end":{"line":15,"column":64}},"7":{"start":{"line":16,"column":0},"end":{"line":16,"column":46}},"8":{"start":{"line":18,"column":0},"end":{"line":18,"column":24}}},"fnMap":{},"branchMap":{},"s":{"0":1,"1":1,"2":1,"3":1,"4":1,"5":1,"6":1,"7":1,"8":1},"f":{},"b":{},"_coverageSchema":"1a1c01bbd47fc00a2c39e90264f33305004495a9","hash":"96f9c6fa0d94dcf477d5bb3ebe563ed3b9c75490"}
,"C:\\Users\\Anilt\\OneDrive\\Desktop\\Projects\\ecommerce-nodejs\\routes\\comment.js": {"path":"C:\\Users\\Anilt\\OneDrive\\Desktop\\Projects\\ecommerce-nodejs\\routes\\comment.js","statementMap":{"0":{"start":{"line":1,"column":16},"end":{"line":1,"column":34}},"1":{"start":{"line":2,"column":15},"end":{"line":2,"column":31}},"2":{"start":{"line":6,"column":4},"end":{"line":6,"column":47}},"3":{"start":{"line":7,"column":17},"end":{"line":7,"column":56}},"4":{"start":{"line":9,"column":0},"end":{"line":9,"column":44}},"5":{"start":{"line":10,"column":0},"end":{"line":10,"column":48}},"6":{"start":{"line":12,"column":0},"end":{"line":12,"column":24}}},"fnMap":{},"branchMap":{},"s":{"0":1,"1":1,"2":1,"3":1,"4":1,"5":1,"6":1},"f":{},"b":{},"_coverageSchema":"1a1c01bbd47fc00a2c39e90264f33305004495a9","hash":"c11b83f8c90616ac200db09b82b1502ff918efa0"}
,"C:\\Users\\Anilt\\OneDrive\\Desktop\\Projects\\ecommerce-nodejs\\routes\\favorites.js": {"path":"C:\\Users\\Anilt\\OneDrive\\Desktop\\Projects\\ecommerce-nodejs\\routes\\favorites.js","statementMap":{"0":{"start":{"line":1,"column":16},"end":{"line":1,"column":34}},"1":{"start":{"line":6,"column":4},"end":{"line":6,"column":49}},"2":{"start":{"line":8,"column":17},"end":{"line":8,"column":56}},"3":{"start":{"line":10,"column":15},"end":{"line":10,"column":31}},"4":{"start":{"line":12,"column":0},"end":{"line":12,"column":36}},"5":{"start":{"line":13,"column":0},"end":{"line":13,"column":39}},"6":{"start":{"line":14,"column":0},"end":{"line":14,"column":58}},"7":{"start":{"line":16,"column":0},"end":{"line":16,"column":24}}},"fnMap":{},"branchMap":{},"s":{"0":1,"1":1,"2":1,"3":1,"4":1,"5":1,"6":1,"7":1},"f":{},"b":{},"_coverageSchema":"1a1c01bbd47fc00a2c39e90264f33305004495a9","hash":"9263193f904937b542046be886d093c83f72a5c3"}
,"C:\\Users\\Anilt\\OneDrive\\Desktop\\Projects\\ecommerce-nodejs\\routes\\index.js": {"path":"C:\\Users\\Anilt\\OneDrive\\Desktop\\Projects\\ecommerce-nodejs\\routes\\index.js","statementMap":{"0":{"start":{"line":1,"column":16},"end":{"line":1,"column":34}},"1":{"start":{"line":2,"column":15},"end":{"line":2,"column":31}},"2":{"start":{"line":4,"column":19},"end":{"line":4,"column":36}},"3":{"start":{"line":5,"column":22},"end":{"line":5,"column":42}},"4":{"start":{"line":6,"column":20},"end":{"line":6,"column":38}},"5":{"start":{"line":7,"column":22},"end":{"line":7,"column":42}},"6":{"start":{"line":8,"column":21},"end":{"line":8,"column":40}},"7":{"start":{"line":9,"column":24},"end":{"line":9,"column":46}},"8":{"start":{"line":11,"column":0},"end":{"line":11,"column":32}},"9":{"start":{"line":12,"column":0},"end":{"line":12,"column":38}},"10":{"start":{"line":13,"column":0},"end":{"line":13,"column":34}},"11":{"start":{"line":14,"column":0},"end":{"line":14,"column":38}},"12":{"start":{"line":15,"column":0},"end":{"line":15,"column":36}},"13":{"start":{"line":16,"column":0},"end":{"line":16,"column":42}},"14":{"start":{"line":17,"column":0},"end":{"line":19,"column":3}},"15":{"start":{"line":18,"column":2},"end":{"line":18,"column":39}},"16":{"start":{"line":21,"column":0},"end":{"line":21,"column":24}}},"fnMap":{"0":{"name":"(anonymous_0)","decl":{"start":{"line":17,"column":22},"end":{"line":17,"column":23}},"loc":{"start":{"line":17,"column":36},"end":{"line":19,"column":1}},"line":17}},"branchMap":{},"s":{"0":1,"1":1,"2":1,"3":1,"4":1,"5":1,"6":1,"7":1,"8":1,"9":1,"10":1,"11":1,"12":1,"13":1,"14":1,"15":1,"16":1},"f":{"0":1},"b":{},"_coverageSchema":"1a1c01bbd47fc00a2c39e90264f33305004495a9","hash":"29552567bbdcdf16dbd004e5b0d3bcc640797ab5"}
,"C:\\Users\\Anilt\\OneDrive\\Desktop\\Projects\\ecommerce-nodejs\\routes\\order.js": {"path":"C:\\Users\\Anilt\\OneDrive\\Desktop\\Projects\\ecommerce-nodejs\\routes\\order.js","statementMap":{"0":{"start":{"line":1,"column":16},"end":{"line":1,"column":34}},"1":{"start":{"line":7,"column":4},"end":{"line":7,"column":45}},"2":{"start":{"line":8,"column":17},"end":{"line":8,"column":56}},"3":{"start":{"line":9,"column":15},"end":{"line":9,"column":31}},"4":{"start":{"line":11,"column":0},"end":{"line":11,"column":53}},"5":{"start":{"line":12,"column":0},"end":{"line":12,"column":49}},"6":{"start":{"line":13,"column":0},"end":{"line":13,"column":47}},"7":{"start":{"line":14,"column":0},"end":{"line":14,"column":51}},"8":{"start":{"line":16,"column":0},"end":{"line":16,"column":24}}},"fnMap":{},"branchMap":{},"s":{"0":1,"1":1,"2":1,"3":1,"4":1,"5":1,"6":1,"7":1,"8":1},"f":{},"b":{},"_coverageSchema":"1a1c01bbd47fc00a2c39e90264f33305004495a9","hash":"30149775c841d28eb986b6fea510f159a2c61ea8"}
,"C:\\Users\\Anilt\\OneDrive\\Desktop\\Projects\\ecommerce-nodejs\\routes\\product.js": {"path":"C:\\Users\\Anilt\\OneDrive\\Desktop\\Projects\\ecommerce-nodejs\\routes\\product.js","statementMap":{"0":{"start":{"line":1,"column":16},"end":{"line":1,"column":34}},"1":{"start":{"line":8,"column":4},"end":{"line":8,"column":47}},"2":{"start":{"line":9,"column":17},"end":{"line":9,"column":56}},"3":{"start":{"line":10,"column":15},"end":{"line":10,"column":31}},"4":{"start":{"line":12,"column":0},"end":{"line":12,"column":32}},"5":{"start":{"line":14,"column":0},"end":{"line":14,"column":35}},"6":{"start":{"line":16,"column":0},"end":{"line":16,"column":43}},"7":{"start":{"line":18,"column":0},"end":{"line":18,"column":35}},"8":{"start":{"line":20,"column":0},"end":{"line":20,"column":50}},"9":{"start":{"line":22,"column":0},"end":{"line":22,"column":24}}},"fnMap":{},"branchMap":{},"s":{"0":1,"1":1,"2":1,"3":1,"4":1,"5":1,"6":1,"7":1,"8":1,"9":1},"f":{},"b":{},"_coverageSchema":"1a1c01bbd47fc00a2c39e90264f33305004495a9","hash":"06a45e6fa9ddd88bd3523634e6992333a884993a"}
}
