TN:
SF:index.js
FNF:0
FNH:0
DA:1,1
DA:2,1
DA:3,1
DA:4,1
DA:6,1
DA:8,1
DA:9,1
DA:11,1
DA:12,1
DA:14,1
LF:10
LH:10
BRF:0
BRH:0
end_of_record
TN:
SF:config\db.js
FN:4,(anonymous_0)
FNF:1
FNH:1
FNDA:1,(anonymous_0)
DA:1,1
DA:2,1
DA:4,1
DA:5,1
DA:6,1
DA:7,1
DA:10,0
DA:11,0
DA:12,0
DA:14,0
DA:18,1
LF:11
LH:7
BRDA:5,0,0,1
BRDA:5,0,1,0
BRF:2
BRH:1
end_of_record
TN:
SF:controllers\authController.js
FN:7,(anonymous_0)
FN:64,(anonymous_1)
FN:117,(anonymous_2)
FN:130,(anonymous_3)
FN:161,(anonymous_4)
FN:198,(anonymous_5)
FNF:6
FNH:0
FNDA:0,(anonymous_0)
FNDA:0,(anonymous_1)
FNDA:0,(anonymous_2)
FNDA:0,(anonymous_3)
FNDA:0,(anonymous_4)
FNDA:0,(anonymous_5)
DA:1,1
DA:2,1
DA:3,1
DA:5,1
DA:7,1
DA:8,0
DA:10,0
DA:12,0
DA:13,0
DA:19,0
DA:20,0
DA:26,0
DA:27,0
DA:28,0
DA:34,0
DA:44,0
DA:46,0
DA:50,0
DA:56,0
DA:64,1
DA:65,0
DA:66,0
DA:68,0
DA:69,0
DA:75,0
DA:76,0
DA:77,0
DA:83,0
DA:84,0
DA:85,0
DA:91,0
DA:97,0
DA:109,0
DA:117,1
DA:118,0
DA:119,0
DA:120,0
DA:122,0
DA:130,1
DA:131,0
DA:132,0
DA:133,0
DA:135,0
DA:141,0
DA:142,0
DA:147,0
DA:153,0
DA:161,1
DA:162,0
DA:163,0
DA:164,0
DA:166,0
DA:167,0
DA:168,0
DA:174,0
DA:175,0
DA:176,0
DA:182,0
DA:183,0
DA:185,0
DA:190,0
DA:198,1
DA:199,0
DA:200,0
DA:201,0
DA:203,0
DA:211,1
LF:67
LH:11
BRDA:12,0,0,0
BRDA:12,0,1,0
BRDA:12,1,0,0
BRDA:12,1,1,0
BRDA:12,1,2,0
BRDA:12,1,3,0
BRDA:12,1,4,0
BRDA:19,2,0,0
BRDA:19,2,1,0
BRDA:19,3,0,0
BRDA:19,3,1,0
BRDA:19,3,2,0
BRDA:27,4,0,0
BRDA:27,4,1,0
BRDA:39,5,0,0
BRDA:39,5,1,0
BRDA:41,6,0,0
BRDA:41,6,1,0
BRDA:68,7,0,0
BRDA:68,7,1,0
BRDA:68,8,0,0
BRDA:68,8,1,0
BRDA:76,9,0,0
BRDA:76,9,1,0
BRDA:84,10,0,0
BRDA:84,10,1,0
BRDA:141,11,0,0
BRDA:141,11,1,0
BRDA:167,12,0,0
BRDA:167,12,1,0
BRDA:175,13,0,0
BRDA:175,13,1,0
BRF:32
BRH:0
end_of_record
TN:
SF:controllers\basketController.js
FN:4,(anonymous_0)
FN:23,(anonymous_1)
FN:36,(anonymous_2)
FN:61,(anonymous_3)
FN:76,(anonymous_4)
FN:89,(anonymous_5)
FN:102,(anonymous_6)
FN:113,(anonymous_7)
FNF:8
FNH:0
FNDA:0,(anonymous_0)
FNDA:0,(anonymous_1)
FNDA:0,(anonymous_2)
FNDA:0,(anonymous_3)
FNDA:0,(anonymous_4)
FNDA:0,(anonymous_5)
FNDA:0,(anonymous_6)
FNDA:0,(anonymous_7)
DA:1,1
DA:2,1
DA:4,1
DA:5,0
DA:6,0
DA:7,0
DA:11,0
DA:12,0
DA:16,0
DA:18,0
DA:19,0
DA:23,1
DA:24,0
DA:25,0
DA:27,0
DA:28,0
DA:31,0
DA:32,0
DA:34,0
DA:35,0
DA:36,0
DA:39,0
DA:40,0
DA:42,0
DA:45,0
DA:52,0
DA:54,0
DA:55,0
DA:57,0
DA:58,0
DA:61,1
DA:62,0
DA:64,0
DA:65,0
DA:66,0
DA:67,0
DA:69,0
DA:73,0
DA:76,1
DA:77,0
DA:79,0
DA:80,0
DA:81,0
DA:83,0
DA:84,0
DA:85,0
DA:88,0
DA:89,0
DA:92,0
DA:94,0
DA:95,0
DA:97,0
DA:98,0
DA:102,1
DA:103,0
DA:105,0
DA:106,0
DA:108,0
DA:109,0
DA:112,0
DA:113,0
DA:116,0
DA:117,0
DA:120,0
DA:122,0
DA:124,0
DA:125,0
DA:127,0
DA:128,0
DA:132,1
LF:70
LH:8
BRDA:11,0,0,0
BRDA:11,0,1,0
BRDA:27,1,0,0
BRDA:27,1,1,0
BRDA:34,2,0,0
BRDA:34,2,1,0
BRDA:39,3,0,0
BRDA:39,3,1,0
BRDA:66,4,0,0
BRDA:66,4,1,0
BRDA:84,5,0,0
BRDA:84,5,1,0
BRDA:108,6,0,0
BRDA:108,6,1,0
BRDA:116,7,0,0
BRDA:116,7,1,0
BRF:16
BRH:0
end_of_record
TN:
SF:controllers\commentController.js
FN:5,(anonymous_0)
FN:52,(anonymous_1)
FN:65,(anonymous_2)
FN:79,(anonymous_3)
FNF:4
FNH:0
FNDA:0,(anonymous_0)
FNDA:0,(anonymous_1)
FNDA:0,(anonymous_2)
FNDA:0,(anonymous_3)
DA:1,1
DA:2,1
DA:3,1
DA:5,1
DA:6,0
DA:7,0
DA:9,0
DA:15,0
DA:17,0
DA:19,0
DA:20,0
DA:22,0
DA:23,0
DA:24,0
DA:27,0
DA:36,0
DA:38,0
DA:40,0
DA:42,0
DA:43,0
DA:45,0
DA:47,0
DA:48,0
DA:52,1
DA:53,0
DA:54,0
DA:59,0
DA:61,0
DA:65,1
DA:66,0
DA:67,0
DA:68,0
DA:69,0
DA:71,0
DA:72,0
DA:73,0
DA:75,0
DA:79,1
DA:80,0
DA:81,0
DA:82,0
DA:83,0
DA:85,0
DA:86,0
DA:88,0
DA:92,1
LF:46
LH:8
BRDA:22,0,0,0
BRDA:22,0,1,0
BRDA:36,1,0,0
BRDA:36,1,1,0
BRDA:38,2,0,0
BRDA:38,2,1,0
BRDA:68,3,0,0
BRDA:68,3,1,0
BRDA:82,4,0,0
BRDA:82,4,1,0
BRF:10
BRH:0
end_of_record
TN:
SF:controllers\favoritesController.js
FN:4,(anonymous_0)
FN:15,(anonymous_1)
FN:23,(anonymous_2)
FN:44,(anonymous_3)
FNF:4
FNH:0
FNDA:0,(anonymous_0)
FNDA:0,(anonymous_1)
FNDA:0,(anonymous_2)
FNDA:0,(anonymous_3)
DA:1,1
DA:2,1
DA:4,1
DA:5,0
DA:6,0
DA:7,0
DA:11,0
DA:12,0
DA:15,0
DA:17,0
DA:19,0
DA:23,1
DA:24,0
DA:25,0
DA:27,0
DA:28,0
DA:30,0
DA:31,0
DA:36,0
DA:37,0
DA:39,0
DA:40,0
DA:44,1
DA:45,0
DA:46,0
DA:49,0
DA:52,0
DA:53,0
DA:56,0
DA:57,0
DA:62,0
DA:63,0
DA:66,0
DA:68,0
DA:72,1
LF:35
LH:6
BRDA:11,0,0,0
BRDA:11,0,1,0
BRDA:27,1,0,0
BRDA:27,1,1,0
BRDA:52,2,0,0
BRDA:52,2,1,0
BRDA:62,3,0,0
BRDA:62,3,1,0
BRF:8
BRH:0
end_of_record
TN:
SF:controllers\orderController.js
FN:8,(anonymous_0)
FN:49,(anonymous_1)
FN:125,(anonymous_2)
FN:138,(anonymous_3)
FN:157,(anonymous_4)
FN:169,(anonymous_5)
FNF:6
FNH:0
FNDA:0,(anonymous_0)
FNDA:0,(anonymous_1)
FNDA:0,(anonymous_2)
FNDA:0,(anonymous_3)
FNDA:0,(anonymous_4)
FNDA:0,(anonymous_5)
DA:1,1
DA:2,1
DA:3,1
DA:4,1
DA:5,1
DA:6,1
DA:8,1
DA:9,0
DA:10,0
DA:12,0
DA:13,0
DA:14,0
DA:15,0
DA:16,0
DA:18,0
DA:24,0
DA:33,0
DA:35,0
DA:36,0
DA:37,0
DA:38,0
DA:39,0
DA:43,0
DA:45,0
DA:49,1
DA:50,0
DA:51,0
DA:52,0
DA:56,0
DA:57,0
DA:60,0
DA:62,0
DA:63,0
DA:65,0
DA:66,0
DA:69,0
DA:70,0
DA:75,0
DA:76,0
DA:85,0
DA:87,0
DA:93,0
DA:94,0
DA:96,0
DA:97,0
DA:99,0
DA:103,0
DA:110,0
DA:112,0
DA:117,0
DA:118,0
DA:125,1
DA:126,0
DA:127,0
DA:128,0
DA:129,0
DA:131,0
DA:134,0
DA:138,1
DA:139,0
DA:140,0
DA:142,0
DA:143,0
DA:146,0
DA:150,0
DA:152,0
DA:153,0
DA:157,1
DA:158,0
DA:159,0
DA:162,0
DA:164,0
DA:165,0
DA:169,1
DA:170,0
DA:171,0
DA:172,0
DA:173,0
DA:175,0
DA:176,0
DA:179,0
DA:180,0
DA:181,0
DA:182,0
DA:184,0
DA:190,0
DA:191,0
DA:192,0
DA:193,0
DA:195,0
DA:198,0
DA:226,1
LF:92
LH:13
BRDA:15,0,0,0
BRDA:15,0,1,0
BRDA:37,1,0,0
BRDA:37,1,1,0
BRDA:56,2,0,0
BRDA:56,2,1,0
BRDA:65,3,0,0
BRDA:65,3,1,0
BRDA:69,4,0,0
BRDA:69,4,1,0
BRDA:120,5,0,0
BRDA:120,5,1,0
BRDA:128,6,0,0
BRDA:128,6,1,0
BRDA:142,7,0,0
BRDA:142,7,1,0
BRDA:175,8,0,0
BRDA:175,8,1,0
BRDA:180,9,0,0
BRDA:180,9,1,0
BRDA:190,10,0,0
BRDA:190,10,1,0
BRF:22
BRH:0
end_of_record
TN:
SF:controllers\productController.js
FN:3,(anonymous_0)
FN:67,(anonymous_1)
FN:86,(anonymous_2)
FN:111,(anonymous_3)
FN:141,(anonymous_4)
FN:161,(anonymous_5)
FNF:6
FNH:0
FNDA:0,(anonymous_0)
FNDA:0,(anonymous_1)
FNDA:0,(anonymous_2)
FNDA:0,(anonymous_3)
FNDA:0,(anonymous_4)
FNDA:0,(anonymous_5)
DA:1,1
DA:3,1
DA:4,0
DA:14,0
DA:16,0
DA:17,0
DA:42,0
DA:53,0
DA:59,0
DA:67,1
DA:68,0
DA:69,0
DA:70,0
DA:71,0
DA:72,0
DA:73,0
DA:78,0
DA:86,1
DA:87,0
DA:88,0
DA:92,0
DA:93,0
DA:98,0
DA:103,0
DA:111,1
DA:112,0
DA:113,0
DA:114,0
DA:120,0
DA:121,0
DA:127,0
DA:133,0
DA:141,1
DA:142,0
DA:143,0
DA:144,0
DA:148,0
DA:153,0
DA:161,1
DA:162,0
DA:163,0
DA:165,0
DA:166,0
DA:172,0
DA:177,0
DA:185,1
LF:46
LH:8
BRDA:16,0,0,0
BRDA:16,0,1,0
BRDA:16,1,0,0
BRDA:16,1,1,0
BRDA:16,1,2,0
BRDA:16,1,3,0
BRDA:16,1,4,0
BRDA:16,1,5,0
BRDA:71,2,0,0
BRDA:71,2,1,0
BRDA:92,3,0,0
BRDA:92,3,1,0
BRDA:120,4,0,0
BRDA:120,4,1,0
BRDA:143,5,0,0
BRDA:143,5,1,0
BRDA:165,6,0,0
BRDA:165,6,1,0
BRF:18
BRH:0
end_of_record
TN:
SF:mail\nodemailer.js
FN:3,sendEmail
FN:35,(anonymous_1)
FNF:2
FNH:0
FNDA:0,sendEmail
FNDA:0,(anonymous_1)
DA:1,1
DA:4,0
DA:5,0
DA:13,0
DA:14,0
DA:16,0
DA:25,0
DA:26,0
DA:28,0
DA:29,0
DA:33,1
DA:35,1
LF:12
LH:3
BRF:0
BRH:0
end_of_record
TN:
SF:middleware\authMiddleware.js
FN:4,(anonymous_0)
FNF:1
FNH:0
FNDA:0,(anonymous_0)
DA:1,1
DA:2,1
DA:4,1
DA:5,0
DA:6,0
DA:7,0
DA:13,0
DA:15,0
DA:16,0
DA:22,0
DA:24,0
DA:25,0
DA:26,0
DA:27,0
DA:29,0
DA:30,0
DA:37,1
LF:17
LH:4
BRDA:5,0,0,0
BRDA:5,0,1,0
BRDA:15,1,0,0
BRDA:15,1,1,0
BRDA:15,2,0,0
BRDA:15,2,1,0
BRDA:32,3,0,0
BRDA:32,3,1,0
BRF:8
BRH:0
end_of_record
TN:
SF:models\Basket.js
FN:39,(anonymous_0)
FNF:1
FNH:0
FNDA:0,(anonymous_0)
DA:1,1
DA:2,1
DA:4,1
DA:39,1
DA:40,0
DA:41,0
DA:44,1
DA:46,1
LF:8
LH:6
BRF:0
BRH:0
end_of_record
TN:
SF:models\Comment.js
FNF:0
FNH:0
DA:1,1
DA:3,1
DA:5,1
DA:30,1
LF:4
LH:4
BRF:0
BRH:0
end_of_record
TN:
SF:models\Favorites.js
FNF:0
FNH:0
DA:1,1
DA:3,1
DA:5,1
DA:22,1
LF:4
LH:4
BRF:0
BRH:0
end_of_record
TN:
SF:models\Order.js
FNF:0
FNH:0
DA:1,1
DA:3,1
DA:44,1
DA:46,1
LF:4
LH:4
BRF:0
BRH:0
end_of_record
TN:
SF:models\Product.js
FNF:0
FNH:0
DA:1,1
DA:3,1
DA:28,1
DA:30,1
LF:4
LH:4
BRF:0
BRH:0
end_of_record
TN:
SF:models\User.js
FN:17,(anonymous_0)
FNF:1
FNH:0
FNDA:0,(anonymous_0)
DA:1,1
DA:2,1
DA:4,1
DA:17,1
DA:18,0
DA:19,0
DA:20,0
DA:21,0
DA:24,1
DA:26,1
LF:10
LH:6
BRDA:18,0,0,0
BRDA:18,0,1,0
BRF:2
BRH:0
end_of_record
TN:
SF:routes\auth.js
FNF:0
FNH:0
DA:1,1
DA:9,1
DA:10,1
DA:11,1
DA:13,1
DA:14,1
DA:15,1
DA:16,1
DA:17,1
DA:18,1
DA:20,1
LF:11
LH:11
BRF:0
BRH:0
end_of_record
TN:
SF:routes\basket.js
FNF:0
FNH:0
DA:1,1
DA:7,1
DA:9,1
DA:11,1
DA:13,1
DA:14,1
DA:15,1
DA:16,1
DA:18,1
LF:9
LH:9
BRF:0
BRH:0
end_of_record
TN:
SF:routes\comment.js
FNF:0
FNH:0
DA:1,1
DA:2,1
DA:6,1
DA:7,1
DA:9,1
DA:10,1
DA:12,1
LF:7
LH:7
BRF:0
BRH:0
end_of_record
TN:
SF:routes\favorites.js
FNF:0
FNH:0
DA:1,1
DA:6,1
DA:8,1
DA:10,1
DA:12,1
DA:13,1
DA:14,1
DA:16,1
LF:8
LH:8
BRF:0
BRH:0
end_of_record
TN:
SF:routes\index.js
FN:17,(anonymous_0)
FNF:1
FNH:1
FNDA:1,(anonymous_0)
DA:1,1
DA:2,1
DA:4,1
DA:5,1
DA:6,1
DA:7,1
DA:8,1
DA:9,1
DA:11,1
DA:12,1
DA:13,1
DA:14,1
DA:15,1
DA:16,1
DA:17,1
DA:18,1
DA:21,1
LF:17
LH:17
BRF:0
BRH:0
end_of_record
TN:
SF:routes\order.js
FNF:0
FNH:0
DA:1,1
DA:7,1
DA:8,1
DA:9,1
DA:11,1
DA:12,1
DA:13,1
DA:14,1
DA:16,1
LF:9
LH:9
BRF:0
BRH:0
end_of_record
TN:
SF:routes\product.js
FNF:0
FNH:0
DA:1,1
DA:8,1
DA:9,1
DA:10,1
DA:12,1
DA:14,1
DA:16,1
DA:18,1
DA:20,1
DA:22,1
LF:10
LH:10
BRF:0
BRH:0
end_of_record
